2024-05-27 16:51:33.613  INFO 13800 --- [main] org.du2unikbot.Du2UnikApplication        : Starting Du2UnikApplication using Java 19.0.1 on DESKTOP-N4IHKI9 with PID 13800 (C:\Users\User\IdeaProjects\Du2UnikBot\target\classes started by User in C:\Users\User\IdeaProjects\Du2UnikBot)
2024-05-27 16:51:33.627  INFO 13800 --- [main] org.du2unikbot.Du2UnikApplication        : The following 1 profile is active: "dev"
2024-05-27 16:51:34.825  INFO 13800 --- [main] .s.d.r.c.RepositoryConfigurationDelegate : Bootstrapping Spring Data JPA repositories in DEFAULT mode.
2024-05-27 16:51:34.948  INFO 13800 --- [main] .s.d.r.c.RepositoryConfigurationDelegate : Finished Spring Data repository scanning in 106 ms. Found 2 JPA repository interfaces.
2024-05-27 16:51:35.502  INFO 13800 --- [main] trationDelegate$BeanPostProcessorChecker : Bean 'org.springframework.statemachine.config.configuration.StateMachineAnnotationPostProcessorConfiguration' of type [org.springframework.statemachine.config.configuration.StateMachineAnnotationPostProcessorConfiguration$$EnhancerBySpringCGLIB$$7b53b1e] is not eligible for getting processed by all BeanPostProcessors (for example: not eligible for auto-proxying)
2024-05-27 16:51:36.141  INFO 13800 --- [main] o.s.b.w.embedded.tomcat.TomcatWebServer  : Tomcat initialized with port(s): 8081 (http)
2024-05-27 16:51:36.157  INFO 13800 --- [main] o.apache.catalina.core.StandardService   : Starting service [Tomcat]
2024-05-27 16:51:36.157  INFO 13800 --- [main] org.apache.catalina.core.StandardEngine  : Starting Servlet engine: [Apache Tomcat/9.0.58]
2024-05-27 16:51:36.314  INFO 13800 --- [main] o.a.c.c.C.[Tomcat].[localhost].[/]       : Initializing Spring embedded WebApplicationContext
2024-05-27 16:51:36.315  INFO 13800 --- [main] w.s.c.ServletWebServerApplicationContext : Root WebApplicationContext: initialization completed in 2567 ms
2024-05-27 16:51:36.709  INFO 13800 --- [main] o.hibernate.jpa.internal.util.LogHelper  : HHH000204: Processing PersistenceUnitInfo [name: default]
2024-05-27 16:51:36.848  INFO 13800 --- [main] org.hibernate.Version                    : HHH000412: Hibernate ORM core version 5.6.5.Final
2024-05-27 16:51:37.282  INFO 13800 --- [main] o.hibernate.annotations.common.Version   : HCANN000001: Hibernate Commons Annotations {5.1.2.Final}
2024-05-27 16:51:37.472  INFO 13800 --- [main] com.zaxxer.hikari.HikariDataSource       : HikariPool-1 - Starting...
2024-05-27 16:51:37.799  INFO 13800 --- [main] com.zaxxer.hikari.HikariDataSource       : HikariPool-1 - Start completed.
2024-05-27 16:51:37.829  INFO 13800 --- [main] org.hibernate.dialect.Dialect            : HHH000400: Using dialect: org.hibernate.dialect.PostgreSQLDialect
2024-05-27 16:51:39.609  INFO 13800 --- [main] o.h.e.t.j.p.i.JtaPlatformInitiator       : HHH000490: Using JtaPlatform implementation: [org.hibernate.engine.transaction.jta.platform.internal.NoJtaPlatform]
2024-05-27 16:51:39.618  INFO 13800 --- [main] j.LocalContainerEntityManagerFactoryBean : Initialized JPA EntityManagerFactory for persistence unit 'default'
2024-05-27 16:51:40.575  WARN 13800 --- [main] JpaBaseConfiguration$JpaWebConfiguration : spring.jpa.open-in-view is enabled by default. Therefore, database queries may be performed during view rendering. Explicitly configure spring.jpa.open-in-view to disable this warning
2024-05-27 16:51:41.278  INFO 13800 --- [main] o.s.b.w.embedded.tomcat.TomcatWebServer  : Tomcat started on port(s): 8081 (http) with context path ''
2024-05-27 16:51:42.143  INFO 13800 --- [main] org.du2unikbot.Du2UnikApplication        : Started Du2UnikApplication in 9.326 seconds (JVM running for 10.387)
2024-05-27 16:51:46.769  INFO 13800 --- [Du2UnikBot Telegram Executor] o.s.s.support.LifecycleObjectSupport     : started org.springframework.statemachine.support.DefaultStateMachineExecutor@79dd0048
2024-05-27 16:51:46.770  INFO 13800 --- [Du2UnikBot Telegram Executor] o.s.s.support.LifecycleObjectSupport     : started ADDING_FRIENDS END RESERVED_SEATS_SELECTION MEETING_TIME_SELECTION TICKET_CONFIRMATION FINISH_POINT_SELECTION GREETINGS START_POINT_SELECTION MAIN  / GREETINGS / uuid=2dab7af6-bb66-4ae2-b951-7b21fd0d40b0 / id=null
2024-05-27 16:51:46.770  INFO 13800 --- [Du2UnikBot Telegram Executor] o.s.s.support.LifecycleObjectSupport     : stopped org.springframework.statemachine.support.DefaultStateMachineExecutor@79dd0048
2024-05-27 16:51:46.771  INFO 13800 --- [Du2UnikBot Telegram Executor] o.s.s.support.LifecycleObjectSupport     : stopped ADDING_FRIENDS END RESERVED_SEATS_SELECTION MEETING_TIME_SELECTION TICKET_CONFIRMATION FINISH_POINT_SELECTION GREETINGS START_POINT_SELECTION MAIN  /  / uuid=2dab7af6-bb66-4ae2-b951-7b21fd0d40b0 / id=null
2024-05-27 16:51:46.773  INFO 13800 --- [Du2UnikBot Telegram Executor] o.s.s.support.AbstractStateMachine       : Got null context, resetting to initial state, clearing extended state and machine id
2024-05-27 16:51:46.774  INFO 13800 --- [Du2UnikBot Telegram Executor] o.s.s.support.LifecycleObjectSupport     : started org.springframework.statemachine.support.DefaultStateMachineExecutor@79dd0048
2024-05-27 16:51:46.774  INFO 13800 --- [Du2UnikBot Telegram Executor] o.s.s.support.LifecycleObjectSupport     : started ADDING_FRIENDS END RESERVED_SEATS_SELECTION MEETING_TIME_SELECTION TICKET_CONFIRMATION FINISH_POINT_SELECTION GREETINGS START_POINT_SELECTION MAIN  / GREETINGS / uuid=2dab7af6-bb66-4ae2-b951-7b21fd0d40b0 / id=null
2024-05-27 16:51:46.776  INFO 13800 --- [Du2UnikBot Telegram Executor] o.s.s.support.LifecycleObjectSupport     : started org.springframework.statemachine.support.DefaultStateMachineExecutor@1e0df752
2024-05-27 16:51:46.776  INFO 13800 --- [Du2UnikBot Telegram Executor] o.s.s.support.LifecycleObjectSupport     : started ADDING_FRIENDS END RESERVED_SEATS_SELECTION MEETING_TIME_SELECTION TICKET_CONFIRMATION FINISH_POINT_SELECTION GREETINGS START_POINT_SELECTION MAIN  / GREETINGS / uuid=56d9d2bb-3e34-4274-819a-5d5512819c84 / id=null
2024-05-27 16:51:49.897  INFO 13800 --- [Du2UnikBot Telegram Executor] o.s.s.support.LifecycleObjectSupport     : started org.springframework.statemachine.support.DefaultStateMachineExecutor@1ad21825
2024-05-27 16:51:49.898  INFO 13800 --- [Du2UnikBot Telegram Executor] o.s.s.support.LifecycleObjectSupport     : started ADDING_FRIENDS END RESERVED_SEATS_SELECTION MEETING_TIME_SELECTION TICKET_CONFIRMATION FINISH_POINT_SELECTION GREETINGS START_POINT_SELECTION MAIN  / GREETINGS / uuid=056c4804-862c-499b-9d61-c692d39e6222 / id=null
2024-05-27 16:51:49.898  INFO 13800 --- [Du2UnikBot Telegram Executor] o.s.s.support.LifecycleObjectSupport     : stopped org.springframework.statemachine.support.DefaultStateMachineExecutor@1ad21825
2024-05-27 16:51:49.898  INFO 13800 --- [Du2UnikBot Telegram Executor] o.s.s.support.LifecycleObjectSupport     : stopped ADDING_FRIENDS END RESERVED_SEATS_SELECTION MEETING_TIME_SELECTION TICKET_CONFIRMATION FINISH_POINT_SELECTION GREETINGS START_POINT_SELECTION MAIN  /  / uuid=056c4804-862c-499b-9d61-c692d39e6222 / id=null
2024-05-27 16:51:49.899  INFO 13800 --- [Du2UnikBot Telegram Executor] o.s.s.support.LifecycleObjectSupport     : started ObjectState [getIds()=[MAIN], getClass()=class org.springframework.statemachine.state.ObjectState, hashCode()=2023535286, toString()=AbstractState [id=MAIN, pseudoState=null, deferred=[], entryActions=[], exitActions=[], stateActions=[], regions=[], submachine=null]]
2024-05-27 16:51:49.899  INFO 13800 --- [Du2UnikBot Telegram Executor] o.s.s.support.LifecycleObjectSupport     : started org.springframework.statemachine.support.DefaultStateMachineExecutor@1ad21825
2024-05-27 16:51:49.899  INFO 13800 --- [Du2UnikBot Telegram Executor] o.s.s.support.LifecycleObjectSupport     : started ADDING_FRIENDS END RESERVED_SEATS_SELECTION MEETING_TIME_SELECTION TICKET_CONFIRMATION FINISH_POINT_SELECTION GREETINGS START_POINT_SELECTION MAIN  / MAIN / uuid=056c4804-862c-499b-9d61-c692d39e6222 / id=null
2024-05-27 16:51:49.901  INFO 13800 --- [Du2UnikBot Telegram Executor] o.s.s.support.LifecycleObjectSupport     : started org.springframework.statemachine.support.DefaultStateMachineExecutor@1504f79f
2024-05-27 16:51:49.902  INFO 13800 --- [Du2UnikBot Telegram Executor] o.s.s.support.LifecycleObjectSupport     : started ADDING_FRIENDS END RESERVED_SEATS_SELECTION MEETING_TIME_SELECTION TICKET_CONFIRMATION FINISH_POINT_SELECTION GREETINGS START_POINT_SELECTION MAIN  / GREETINGS / uuid=86152314-955d-4676-9375-ab1c4e49329c / id=null
2024-05-27 16:51:49.965  INFO 13800 --- [Du2UnikBot Telegram Executor] o.s.s.support.LifecycleObjectSupport     : stopped org.springframework.statemachine.support.DefaultStateMachineExecutor@1504f79f
2024-05-27 16:51:49.965  INFO 13800 --- [Du2UnikBot Telegram Executor] o.s.s.support.LifecycleObjectSupport     : stopped ADDING_FRIENDS END RESERVED_SEATS_SELECTION MEETING_TIME_SELECTION TICKET_CONFIRMATION FINISH_POINT_SELECTION GREETINGS START_POINT_SELECTION MAIN  /  / uuid=86152314-955d-4676-9375-ab1c4e49329c / id=null
2024-05-27 16:51:49.965  INFO 13800 --- [Du2UnikBot Telegram Executor] o.s.s.support.LifecycleObjectSupport     : started ObjectState [getIds()=[MAIN], getClass()=class org.springframework.statemachine.state.ObjectState, hashCode()=87171824, toString()=AbstractState [id=MAIN, pseudoState=null, deferred=[], entryActions=[], exitActions=[], stateActions=[], regions=[], submachine=null]]
2024-05-27 16:51:49.965  INFO 13800 --- [Du2UnikBot Telegram Executor] o.s.s.support.LifecycleObjectSupport     : started org.springframework.statemachine.support.DefaultStateMachineExecutor@1504f79f
2024-05-27 16:51:49.967  INFO 13800 --- [Du2UnikBot Telegram Executor] o.s.s.support.LifecycleObjectSupport     : started ADDING_FRIENDS END RESERVED_SEATS_SELECTION MEETING_TIME_SELECTION TICKET_CONFIRMATION FINISH_POINT_SELECTION GREETINGS START_POINT_SELECTION MAIN  / MAIN / uuid=86152314-955d-4676-9375-ab1c4e49329c / id=null
2024-05-27 16:53:50.561  INFO 13800 --- [Du2UnikBot Telegram Executor] o.s.s.support.LifecycleObjectSupport     : started org.springframework.statemachine.support.DefaultStateMachineExecutor@3bf8d024
2024-05-27 16:53:50.562  INFO 13800 --- [Du2UnikBot Telegram Executor] o.s.s.support.LifecycleObjectSupport     : started ADDING_FRIENDS END RESERVED_SEATS_SELECTION MEETING_TIME_SELECTION TICKET_CONFIRMATION FINISH_POINT_SELECTION GREETINGS START_POINT_SELECTION MAIN  / GREETINGS / uuid=d59bfaf7-977a-4eeb-884c-3ad8aa0d4573 / id=null
2024-05-27 16:53:50.562  INFO 13800 --- [Du2UnikBot Telegram Executor] o.s.s.support.LifecycleObjectSupport     : stopped org.springframework.statemachine.support.DefaultStateMachineExecutor@3bf8d024
2024-05-27 16:53:50.562  INFO 13800 --- [Du2UnikBot Telegram Executor] o.s.s.support.LifecycleObjectSupport     : stopped ADDING_FRIENDS END RESERVED_SEATS_SELECTION MEETING_TIME_SELECTION TICKET_CONFIRMATION FINISH_POINT_SELECTION GREETINGS START_POINT_SELECTION MAIN  /  / uuid=d59bfaf7-977a-4eeb-884c-3ad8aa0d4573 / id=null
2024-05-27 16:53:50.562  INFO 13800 --- [Du2UnikBot Telegram Executor] o.s.s.support.AbstractStateMachine       : Got null context, resetting to initial state, clearing extended state and machine id
2024-05-27 16:53:50.562  INFO 13800 --- [Du2UnikBot Telegram Executor] o.s.s.support.LifecycleObjectSupport     : started org.springframework.statemachine.support.DefaultStateMachineExecutor@3bf8d024
2024-05-27 16:53:50.563  INFO 13800 --- [Du2UnikBot Telegram Executor] o.s.s.support.LifecycleObjectSupport     : started ADDING_FRIENDS END RESERVED_SEATS_SELECTION MEETING_TIME_SELECTION TICKET_CONFIRMATION FINISH_POINT_SELECTION GREETINGS START_POINT_SELECTION MAIN  / GREETINGS / uuid=d59bfaf7-977a-4eeb-884c-3ad8aa0d4573 / id=null
2024-05-27 16:53:50.566  INFO 13800 --- [Du2UnikBot Telegram Executor] o.s.s.support.LifecycleObjectSupport     : started org.springframework.statemachine.support.DefaultStateMachineExecutor@733bffb3
2024-05-27 16:53:50.566  INFO 13800 --- [Du2UnikBot Telegram Executor] o.s.s.support.LifecycleObjectSupport     : started ADDING_FRIENDS END RESERVED_SEATS_SELECTION MEETING_TIME_SELECTION TICKET_CONFIRMATION FINISH_POINT_SELECTION GREETINGS START_POINT_SELECTION MAIN  / GREETINGS / uuid=75da291d-614f-45d8-b125-d2c4e3471a8a / id=null
2024-05-27 16:53:59.322  INFO 13800 --- [Du2UnikBot Telegram Executor] o.s.s.support.LifecycleObjectSupport     : started org.springframework.statemachine.support.DefaultStateMachineExecutor@92ff4b9
2024-05-27 16:53:59.322  INFO 13800 --- [Du2UnikBot Telegram Executor] o.s.s.support.LifecycleObjectSupport     : started ADDING_FRIENDS END RESERVED_SEATS_SELECTION MEETING_TIME_SELECTION TICKET_CONFIRMATION FINISH_POINT_SELECTION GREETINGS START_POINT_SELECTION MAIN  / GREETINGS / uuid=4decebcd-a55f-40bb-87af-311988922d10 / id=null
2024-05-27 16:53:59.322  INFO 13800 --- [Du2UnikBot Telegram Executor] o.s.s.support.LifecycleObjectSupport     : stopped org.springframework.statemachine.support.DefaultStateMachineExecutor@92ff4b9
2024-05-27 16:53:59.323  INFO 13800 --- [Du2UnikBot Telegram Executor] o.s.s.support.LifecycleObjectSupport     : stopped ADDING_FRIENDS END RESERVED_SEATS_SELECTION MEETING_TIME_SELECTION TICKET_CONFIRMATION FINISH_POINT_SELECTION GREETINGS START_POINT_SELECTION MAIN  /  / uuid=4decebcd-a55f-40bb-87af-311988922d10 / id=null
2024-05-27 16:53:59.323  INFO 13800 --- [Du2UnikBot Telegram Executor] o.s.s.support.LifecycleObjectSupport     : started ObjectState [getIds()=[MAIN], getClass()=class org.springframework.statemachine.state.ObjectState, hashCode()=44548522, toString()=AbstractState [id=MAIN, pseudoState=null, deferred=[], entryActions=[], exitActions=[], stateActions=[], regions=[], submachine=null]]
2024-05-27 16:53:59.324  INFO 13800 --- [Du2UnikBot Telegram Executor] o.s.s.support.LifecycleObjectSupport     : started org.springframework.statemachine.support.DefaultStateMachineExecutor@92ff4b9
2024-05-27 16:53:59.324  INFO 13800 --- [Du2UnikBot Telegram Executor] o.s.s.support.LifecycleObjectSupport     : started ADDING_FRIENDS END RESERVED_SEATS_SELECTION MEETING_TIME_SELECTION TICKET_CONFIRMATION FINISH_POINT_SELECTION GREETINGS START_POINT_SELECTION MAIN  / MAIN / uuid=4decebcd-a55f-40bb-87af-311988922d10 / id=null
2024-05-27 16:53:59.327  INFO 13800 --- [Du2UnikBot Telegram Executor] o.s.s.support.LifecycleObjectSupport     : started org.springframework.statemachine.support.DefaultStateMachineExecutor@541286b0
2024-05-27 16:53:59.327  INFO 13800 --- [Du2UnikBot Telegram Executor] o.s.s.support.LifecycleObjectSupport     : started ADDING_FRIENDS END RESERVED_SEATS_SELECTION MEETING_TIME_SELECTION TICKET_CONFIRMATION FINISH_POINT_SELECTION GREETINGS START_POINT_SELECTION MAIN  / GREETINGS / uuid=37034005-deba-4475-a33a-2780c231c8dd / id=null
2024-05-27 16:53:59.331  INFO 13800 --- [Du2UnikBot Telegram Executor] o.s.s.support.LifecycleObjectSupport     : stopped org.springframework.statemachine.support.DefaultStateMachineExecutor@541286b0
2024-05-27 16:53:59.331  INFO 13800 --- [Du2UnikBot Telegram Executor] o.s.s.support.LifecycleObjectSupport     : stopped ADDING_FRIENDS END RESERVED_SEATS_SELECTION MEETING_TIME_SELECTION TICKET_CONFIRMATION FINISH_POINT_SELECTION GREETINGS START_POINT_SELECTION MAIN  /  / uuid=37034005-deba-4475-a33a-2780c231c8dd / id=null
2024-05-27 16:53:59.331  INFO 13800 --- [Du2UnikBot Telegram Executor] o.s.s.support.LifecycleObjectSupport     : started ObjectState [getIds()=[MAIN], getClass()=class org.springframework.statemachine.state.ObjectState, hashCode()=989676815, toString()=AbstractState [id=MAIN, pseudoState=null, deferred=[], entryActions=[], exitActions=[], stateActions=[], regions=[], submachine=null]]
2024-05-27 16:53:59.331  INFO 13800 --- [Du2UnikBot Telegram Executor] o.s.s.support.LifecycleObjectSupport     : started org.springframework.statemachine.support.DefaultStateMachineExecutor@541286b0
2024-05-27 16:53:59.331  INFO 13800 --- [Du2UnikBot Telegram Executor] o.s.s.support.LifecycleObjectSupport     : started ADDING_FRIENDS END RESERVED_SEATS_SELECTION MEETING_TIME_SELECTION TICKET_CONFIRMATION FINISH_POINT_SELECTION GREETINGS START_POINT_SELECTION MAIN  / MAIN / uuid=37034005-deba-4475-a33a-2780c231c8dd / id=null
2024-05-27 16:54:01.623  INFO 13800 --- [Du2UnikBot Telegram Executor] o.s.s.support.LifecycleObjectSupport     : started org.springframework.statemachine.support.DefaultStateMachineExecutor@19fbaa22
2024-05-27 16:54:01.623  INFO 13800 --- [Du2UnikBot Telegram Executor] o.s.s.support.LifecycleObjectSupport     : started ADDING_FRIENDS END RESERVED_SEATS_SELECTION MEETING_TIME_SELECTION TICKET_CONFIRMATION FINISH_POINT_SELECTION GREETINGS START_POINT_SELECTION MAIN  / GREETINGS / uuid=1f8d83fb-dfb8-445f-beee-b38f8387c4c6 / id=null
2024-05-27 16:54:01.624  INFO 13800 --- [Du2UnikBot Telegram Executor] o.s.s.support.LifecycleObjectSupport     : stopped org.springframework.statemachine.support.DefaultStateMachineExecutor@19fbaa22
2024-05-27 16:54:01.624  INFO 13800 --- [Du2UnikBot Telegram Executor] o.s.s.support.LifecycleObjectSupport     : stopped ADDING_FRIENDS END RESERVED_SEATS_SELECTION MEETING_TIME_SELECTION TICKET_CONFIRMATION FINISH_POINT_SELECTION GREETINGS START_POINT_SELECTION MAIN  /  / uuid=1f8d83fb-dfb8-445f-beee-b38f8387c4c6 / id=null
2024-05-27 16:54:01.625  INFO 13800 --- [Du2UnikBot Telegram Executor] o.s.s.support.LifecycleObjectSupport     : started ObjectState [getIds()=[MAIN], getClass()=class org.springframework.statemachine.state.ObjectState, hashCode()=1960744151, toString()=AbstractState [id=MAIN, pseudoState=null, deferred=[], entryActions=[], exitActions=[], stateActions=[], regions=[], submachine=null]]
2024-05-27 16:54:01.625  INFO 13800 --- [Du2UnikBot Telegram Executor] o.s.s.support.LifecycleObjectSupport     : started org.springframework.statemachine.support.DefaultStateMachineExecutor@19fbaa22
2024-05-27 16:54:01.625  INFO 13800 --- [Du2UnikBot Telegram Executor] o.s.s.support.LifecycleObjectSupport     : started ADDING_FRIENDS END RESERVED_SEATS_SELECTION MEETING_TIME_SELECTION TICKET_CONFIRMATION FINISH_POINT_SELECTION GREETINGS START_POINT_SELECTION MAIN  / MAIN / uuid=1f8d83fb-dfb8-445f-beee-b38f8387c4c6 / id=null
2024-05-27 16:54:01.628  INFO 13800 --- [Du2UnikBot Telegram Executor] o.s.s.support.LifecycleObjectSupport     : started org.springframework.statemachine.support.DefaultStateMachineExecutor@5d0eaf94
2024-05-27 16:54:01.628  INFO 13800 --- [Du2UnikBot Telegram Executor] o.s.s.support.LifecycleObjectSupport     : started ADDING_FRIENDS END RESERVED_SEATS_SELECTION MEETING_TIME_SELECTION TICKET_CONFIRMATION FINISH_POINT_SELECTION GREETINGS START_POINT_SELECTION MAIN  / GREETINGS / uuid=b2a459fa-8bf5-40cd-bf0a-abc736c7c2ec / id=null
2024-05-27 16:54:01.630  INFO 13800 --- [Du2UnikBot Telegram Executor] o.s.s.support.LifecycleObjectSupport     : stopped org.springframework.statemachine.support.DefaultStateMachineExecutor@5d0eaf94
2024-05-27 16:54:01.631  INFO 13800 --- [Du2UnikBot Telegram Executor] o.s.s.support.LifecycleObjectSupport     : stopped ADDING_FRIENDS END RESERVED_SEATS_SELECTION MEETING_TIME_SELECTION TICKET_CONFIRMATION FINISH_POINT_SELECTION GREETINGS START_POINT_SELECTION MAIN  /  / uuid=b2a459fa-8bf5-40cd-bf0a-abc736c7c2ec / id=null
2024-05-27 16:54:01.631  INFO 13800 --- [Du2UnikBot Telegram Executor] o.s.s.support.LifecycleObjectSupport     : started ObjectState [getIds()=[MAIN], getClass()=class org.springframework.statemachine.state.ObjectState, hashCode()=1655231844, toString()=AbstractState [id=MAIN, pseudoState=null, deferred=[], entryActions=[], exitActions=[], stateActions=[], regions=[], submachine=null]]
2024-05-27 16:54:01.631  INFO 13800 --- [Du2UnikBot Telegram Executor] o.s.s.support.LifecycleObjectSupport     : started org.springframework.statemachine.support.DefaultStateMachineExecutor@5d0eaf94
2024-05-27 16:54:01.631  INFO 13800 --- [Du2UnikBot Telegram Executor] o.s.s.support.LifecycleObjectSupport     : started ADDING_FRIENDS END RESERVED_SEATS_SELECTION MEETING_TIME_SELECTION TICKET_CONFIRMATION FINISH_POINT_SELECTION GREETINGS START_POINT_SELECTION MAIN  / MAIN / uuid=b2a459fa-8bf5-40cd-bf0a-abc736c7c2ec / id=null
2024-05-27 16:54:05.138  INFO 13800 --- [Du2UnikBot Telegram Executor] o.s.s.support.LifecycleObjectSupport     : started org.springframework.statemachine.support.DefaultStateMachineExecutor@502018db
2024-05-27 16:54:05.140  INFO 13800 --- [Du2UnikBot Telegram Executor] o.s.s.support.LifecycleObjectSupport     : started ADDING_FRIENDS END RESERVED_SEATS_SELECTION MEETING_TIME_SELECTION TICKET_CONFIRMATION FINISH_POINT_SELECTION GREETINGS START_POINT_SELECTION MAIN  / GREETINGS / uuid=5c5b4b69-3efb-4214-bb2e-22b637119217 / id=null
2024-05-27 16:54:05.140  INFO 13800 --- [Du2UnikBot Telegram Executor] o.s.s.support.LifecycleObjectSupport     : stopped org.springframework.statemachine.support.DefaultStateMachineExecutor@502018db
2024-05-27 16:54:05.141  INFO 13800 --- [Du2UnikBot Telegram Executor] o.s.s.support.LifecycleObjectSupport     : stopped ADDING_FRIENDS END RESERVED_SEATS_SELECTION MEETING_TIME_SELECTION TICKET_CONFIRMATION FINISH_POINT_SELECTION GREETINGS START_POINT_SELECTION MAIN  /  / uuid=5c5b4b69-3efb-4214-bb2e-22b637119217 / id=null
2024-05-27 16:54:05.142  INFO 13800 --- [Du2UnikBot Telegram Executor] o.s.s.support.LifecycleObjectSupport     : started ObjectState [getIds()=[MAIN], getClass()=class org.springframework.statemachine.state.ObjectState, hashCode()=1663275503, toString()=AbstractState [id=MAIN, pseudoState=null, deferred=[], entryActions=[], exitActions=[], stateActions=[], regions=[], submachine=null]]
2024-05-27 16:54:05.143  INFO 13800 --- [Du2UnikBot Telegram Executor] o.s.s.support.LifecycleObjectSupport     : started org.springframework.statemachine.support.DefaultStateMachineExecutor@502018db
2024-05-27 16:54:05.144  INFO 13800 --- [Du2UnikBot Telegram Executor] o.s.s.support.LifecycleObjectSupport     : started ADDING_FRIENDS END RESERVED_SEATS_SELECTION MEETING_TIME_SELECTION TICKET_CONFIRMATION FINISH_POINT_SELECTION GREETINGS START_POINT_SELECTION MAIN  / MAIN / uuid=5c5b4b69-3efb-4214-bb2e-22b637119217 / id=null
2024-05-27 16:54:05.147  INFO 13800 --- [Du2UnikBot Telegram Executor] o.s.s.support.LifecycleObjectSupport     : started org.springframework.statemachine.support.DefaultStateMachineExecutor@4fff0f6f
2024-05-27 16:54:05.148  INFO 13800 --- [Du2UnikBot Telegram Executor] o.s.s.support.LifecycleObjectSupport     : started ADDING_FRIENDS END RESERVED_SEATS_SELECTION MEETING_TIME_SELECTION TICKET_CONFIRMATION FINISH_POINT_SELECTION GREETINGS START_POINT_SELECTION MAIN  / GREETINGS / uuid=9ee028d6-90f1-4317-9d3d-b7cd02f32ef5 / id=null
2024-05-27 16:54:05.150  INFO 13800 --- [Du2UnikBot Telegram Executor] o.s.s.support.LifecycleObjectSupport     : stopped org.springframework.statemachine.support.DefaultStateMachineExecutor@4fff0f6f
2024-05-27 16:54:05.150  INFO 13800 --- [Du2UnikBot Telegram Executor] o.s.s.support.LifecycleObjectSupport     : stopped ADDING_FRIENDS END RESERVED_SEATS_SELECTION MEETING_TIME_SELECTION TICKET_CONFIRMATION FINISH_POINT_SELECTION GREETINGS START_POINT_SELECTION MAIN  /  / uuid=9ee028d6-90f1-4317-9d3d-b7cd02f32ef5 / id=null
2024-05-27 16:54:05.150  INFO 13800 --- [Du2UnikBot Telegram Executor] o.s.s.support.LifecycleObjectSupport     : started ObjectState [getIds()=[MAIN], getClass()=class org.springframework.statemachine.state.ObjectState, hashCode()=138838057, toString()=AbstractState [id=MAIN, pseudoState=null, deferred=[], entryActions=[], exitActions=[], stateActions=[], regions=[], submachine=null]]
2024-05-27 16:54:05.150  INFO 13800 --- [Du2UnikBot Telegram Executor] o.s.s.support.LifecycleObjectSupport     : started org.springframework.statemachine.support.DefaultStateMachineExecutor@4fff0f6f
2024-05-27 16:54:05.151  INFO 13800 --- [Du2UnikBot Telegram Executor] o.s.s.support.LifecycleObjectSupport     : started ADDING_FRIENDS END RESERVED_SEATS_SELECTION MEETING_TIME_SELECTION TICKET_CONFIRMATION FINISH_POINT_SELECTION GREETINGS START_POINT_SELECTION MAIN  / MAIN / uuid=9ee028d6-90f1-4317-9d3d-b7cd02f32ef5 / id=null
2024-05-27 16:54:09.795  INFO 13800 --- [Du2UnikBot Telegram Executor] o.s.s.support.LifecycleObjectSupport     : started org.springframework.statemachine.support.DefaultStateMachineExecutor@4c99f4e5
2024-05-27 16:54:09.795  INFO 13800 --- [Du2UnikBot Telegram Executor] o.s.s.support.LifecycleObjectSupport     : started ADDING_FRIENDS END RESERVED_SEATS_SELECTION MEETING_TIME_SELECTION TICKET_CONFIRMATION FINISH_POINT_SELECTION GREETINGS START_POINT_SELECTION MAIN  / GREETINGS / uuid=6c3e20ad-a429-476b-abbf-e82bb3fed327 / id=null
2024-05-27 16:54:09.796  INFO 13800 --- [Du2UnikBot Telegram Executor] o.s.s.support.LifecycleObjectSupport     : stopped org.springframework.statemachine.support.DefaultStateMachineExecutor@4c99f4e5
2024-05-27 16:54:09.796  INFO 13800 --- [Du2UnikBot Telegram Executor] o.s.s.support.LifecycleObjectSupport     : stopped ADDING_FRIENDS END RESERVED_SEATS_SELECTION MEETING_TIME_SELECTION TICKET_CONFIRMATION FINISH_POINT_SELECTION GREETINGS START_POINT_SELECTION MAIN  /  / uuid=6c3e20ad-a429-476b-abbf-e82bb3fed327 / id=null
2024-05-27 16:54:09.797  INFO 13800 --- [Du2UnikBot Telegram Executor] o.s.s.support.LifecycleObjectSupport     : started ObjectState [getIds()=[START_POINT_SELECTION], getClass()=class org.springframework.statemachine.state.ObjectState, hashCode()=1941806267, toString()=AbstractState [id=START_POINT_SELECTION, pseudoState=null, deferred=[], entryActions=[], exitActions=[], stateActions=[], regions=[], submachine=null]]
2024-05-27 16:54:09.798  INFO 13800 --- [Du2UnikBot Telegram Executor] o.s.s.support.LifecycleObjectSupport     : started org.springframework.statemachine.support.DefaultStateMachineExecutor@4c99f4e5
2024-05-27 16:54:09.798  INFO 13800 --- [Du2UnikBot Telegram Executor] o.s.s.support.LifecycleObjectSupport     : started ADDING_FRIENDS END RESERVED_SEATS_SELECTION MEETING_TIME_SELECTION TICKET_CONFIRMATION FINISH_POINT_SELECTION GREETINGS START_POINT_SELECTION MAIN  / START_POINT_SELECTION / uuid=6c3e20ad-a429-476b-abbf-e82bb3fed327 / id=null
2024-05-27 16:54:09.801  INFO 13800 --- [Du2UnikBot Telegram Executor] o.s.s.support.LifecycleObjectSupport     : started org.springframework.statemachine.support.DefaultStateMachineExecutor@3974720f
2024-05-27 16:54:09.802  INFO 13800 --- [Du2UnikBot Telegram Executor] o.s.s.support.LifecycleObjectSupport     : started ADDING_FRIENDS END RESERVED_SEATS_SELECTION MEETING_TIME_SELECTION TICKET_CONFIRMATION FINISH_POINT_SELECTION GREETINGS START_POINT_SELECTION MAIN  / GREETINGS / uuid=cc7779f2-0139-4c91-80db-ecab8d8bed2d / id=null
2024-05-27 16:54:09.802  INFO 13800 --- [Du2UnikBot Telegram Executor] o.s.s.support.LifecycleObjectSupport     : stopped org.springframework.statemachine.support.DefaultStateMachineExecutor@3974720f
2024-05-27 16:54:09.803  INFO 13800 --- [Du2UnikBot Telegram Executor] o.s.s.support.LifecycleObjectSupport     : stopped ADDING_FRIENDS END RESERVED_SEATS_SELECTION MEETING_TIME_SELECTION TICKET_CONFIRMATION FINISH_POINT_SELECTION GREETINGS START_POINT_SELECTION MAIN  /  / uuid=cc7779f2-0139-4c91-80db-ecab8d8bed2d / id=null
2024-05-27 16:54:09.803  INFO 13800 --- [Du2UnikBot Telegram Executor] o.s.s.support.LifecycleObjectSupport     : started ObjectState [getIds()=[START_POINT_SELECTION], getClass()=class org.springframework.statemachine.state.ObjectState, hashCode()=336088158, toString()=AbstractState [id=START_POINT_SELECTION, pseudoState=null, deferred=[], entryActions=[], exitActions=[], stateActions=[], regions=[], submachine=null]]
2024-05-27 16:54:09.804  INFO 13800 --- [Du2UnikBot Telegram Executor] o.s.s.support.LifecycleObjectSupport     : started org.springframework.statemachine.support.DefaultStateMachineExecutor@3974720f
2024-05-27 16:54:09.804  INFO 13800 --- [Du2UnikBot Telegram Executor] o.s.s.support.LifecycleObjectSupport     : started ADDING_FRIENDS END RESERVED_SEATS_SELECTION MEETING_TIME_SELECTION TICKET_CONFIRMATION FINISH_POINT_SELECTION GREETINGS START_POINT_SELECTION MAIN  / START_POINT_SELECTION / uuid=cc7779f2-0139-4c91-80db-ecab8d8bed2d / id=null
2024-05-27 16:54:19.074  INFO 13800 --- [SpringApplicationShutdownHook] j.LocalContainerEntityManagerFactoryBean : Closing JPA EntityManagerFactory for persistence unit 'default'
2024-05-27 16:54:19.082  INFO 13800 --- [SpringApplicationShutdownHook] com.zaxxer.hikari.HikariDataSource       : HikariPool-1 - Shutdown initiated...
2024-05-27 16:54:19.103  INFO 13800 --- [SpringApplicationShutdownHook] com.zaxxer.hikari.HikariDataSource       : HikariPool-1 - Shutdown completed.
2024-05-27 16:54:24.605  INFO 6728 --- [main] org.du2unikbot.Du2UnikApplication        : Starting Du2UnikApplication using Java 19.0.1 on DESKTOP-N4IHKI9 with PID 6728 (C:\Users\User\IdeaProjects\Du2UnikBot\target\classes started by User in C:\Users\User\IdeaProjects\Du2UnikBot)
2024-05-27 16:54:24.608  INFO 6728 --- [main] org.du2unikbot.Du2UnikApplication        : The following 1 profile is active: "dev"
2024-05-27 16:54:25.675  INFO 6728 --- [main] .s.d.r.c.RepositoryConfigurationDelegate : Bootstrapping Spring Data JPA repositories in DEFAULT mode.
2024-05-27 16:54:25.792  INFO 6728 --- [main] .s.d.r.c.RepositoryConfigurationDelegate : Finished Spring Data repository scanning in 100 ms. Found 2 JPA repository interfaces.
2024-05-27 16:54:26.245  INFO 6728 --- [main] trationDelegate$BeanPostProcessorChecker : Bean 'org.springframework.statemachine.config.configuration.StateMachineAnnotationPostProcessorConfiguration' of type [org.springframework.statemachine.config.configuration.StateMachineAnnotationPostProcessorConfiguration$$EnhancerBySpringCGLIB$$7adcfd4b] is not eligible for getting processed by all BeanPostProcessors (for example: not eligible for auto-proxying)
2024-05-27 16:54:26.779  INFO 6728 --- [main] o.s.b.w.embedded.tomcat.TomcatWebServer  : Tomcat initialized with port(s): 8081 (http)
2024-05-27 16:54:26.793  INFO 6728 --- [main] o.apache.catalina.core.StandardService   : Starting service [Tomcat]
2024-05-27 16:54:26.794  INFO 6728 --- [main] org.apache.catalina.core.StandardEngine  : Starting Servlet engine: [Apache Tomcat/9.0.58]
2024-05-27 16:54:26.945  INFO 6728 --- [main] o.a.c.c.C.[Tomcat].[localhost].[/]       : Initializing Spring embedded WebApplicationContext
2024-05-27 16:54:26.946  INFO 6728 --- [main] w.s.c.ServletWebServerApplicationContext : Root WebApplicationContext: initialization completed in 2235 ms
2024-05-27 16:54:27.296  INFO 6728 --- [main] o.hibernate.jpa.internal.util.LogHelper  : HHH000204: Processing PersistenceUnitInfo [name: default]
2024-05-27 16:54:27.388  INFO 6728 --- [main] org.hibernate.Version                    : HHH000412: Hibernate ORM core version 5.6.5.Final
2024-05-27 16:54:27.682  INFO 6728 --- [main] o.hibernate.annotations.common.Version   : HCANN000001: Hibernate Commons Annotations {5.1.2.Final}
2024-05-27 16:54:27.816  INFO 6728 --- [main] com.zaxxer.hikari.HikariDataSource       : HikariPool-1 - Starting...
2024-05-27 16:54:28.099  INFO 6728 --- [main] com.zaxxer.hikari.HikariDataSource       : HikariPool-1 - Start completed.
2024-05-27 16:54:28.124  INFO 6728 --- [main] org.hibernate.dialect.Dialect            : HHH000400: Using dialect: org.hibernate.dialect.PostgreSQLDialect
2024-05-27 16:54:29.260  INFO 6728 --- [main] o.h.e.t.j.p.i.JtaPlatformInitiator       : HHH000490: Using JtaPlatform implementation: [org.hibernate.engine.transaction.jta.platform.internal.NoJtaPlatform]
2024-05-27 16:54:29.274  INFO 6728 --- [main] j.LocalContainerEntityManagerFactoryBean : Initialized JPA EntityManagerFactory for persistence unit 'default'
2024-05-27 16:54:30.270  WARN 6728 --- [main] JpaBaseConfiguration$JpaWebConfiguration : spring.jpa.open-in-view is enabled by default. Therefore, database queries may be performed during view rendering. Explicitly configure spring.jpa.open-in-view to disable this warning
2024-05-27 16:54:30.772  INFO 6728 --- [main] o.s.b.w.embedded.tomcat.TomcatWebServer  : Tomcat started on port(s): 8081 (http) with context path ''
2024-05-27 16:54:31.333  INFO 6728 --- [main] org.du2unikbot.Du2UnikApplication        : Started Du2UnikApplication in 7.434 seconds (JVM running for 8.222)
2024-05-27 16:55:41.016  INFO 6728 --- [Du2UnikBot Telegram Executor] o.s.s.support.LifecycleObjectSupport     : started org.springframework.statemachine.support.DefaultStateMachineExecutor@1f99b822
2024-05-27 16:55:41.017  INFO 6728 --- [Du2UnikBot Telegram Executor] o.s.s.support.LifecycleObjectSupport     : started GREETINGS END ADDING_FRIENDS FINISH_POINT_SELECTION MAIN TICKET_CONFIRMATION MEETING_TIME_SELECTION RESERVED_SEATS_SELECTION START_POINT_SELECTION  / GREETINGS / uuid=b3517a69-0646-4b58-8fbc-6d6517bb1f06 / id=null
2024-05-27 16:55:41.018  INFO 6728 --- [Du2UnikBot Telegram Executor] o.s.s.support.LifecycleObjectSupport     : stopped org.springframework.statemachine.support.DefaultStateMachineExecutor@1f99b822
2024-05-27 16:55:41.019  INFO 6728 --- [Du2UnikBot Telegram Executor] o.s.s.support.LifecycleObjectSupport     : stopped GREETINGS END ADDING_FRIENDS FINISH_POINT_SELECTION MAIN TICKET_CONFIRMATION MEETING_TIME_SELECTION RESERVED_SEATS_SELECTION START_POINT_SELECTION  /  / uuid=b3517a69-0646-4b58-8fbc-6d6517bb1f06 / id=null
2024-05-27 16:55:41.021  INFO 6728 --- [Du2UnikBot Telegram Executor] o.s.s.support.AbstractStateMachine       : Got null context, resetting to initial state, clearing extended state and machine id
2024-05-27 16:55:41.022  INFO 6728 --- [Du2UnikBot Telegram Executor] o.s.s.support.LifecycleObjectSupport     : started org.springframework.statemachine.support.DefaultStateMachineExecutor@1f99b822
2024-05-27 16:55:41.024  INFO 6728 --- [Du2UnikBot Telegram Executor] o.s.s.support.LifecycleObjectSupport     : started GREETINGS END ADDING_FRIENDS FINISH_POINT_SELECTION MAIN TICKET_CONFIRMATION MEETING_TIME_SELECTION RESERVED_SEATS_SELECTION START_POINT_SELECTION  / GREETINGS / uuid=b3517a69-0646-4b58-8fbc-6d6517bb1f06 / id=null
2024-05-27 16:55:41.030  INFO 6728 --- [Du2UnikBot Telegram Executor] o.s.s.support.LifecycleObjectSupport     : started org.springframework.statemachine.support.DefaultStateMachineExecutor@455f4f1d
2024-05-27 16:55:41.031  INFO 6728 --- [Du2UnikBot Telegram Executor] o.s.s.support.LifecycleObjectSupport     : started GREETINGS END ADDING_FRIENDS FINISH_POINT_SELECTION MAIN TICKET_CONFIRMATION MEETING_TIME_SELECTION RESERVED_SEATS_SELECTION START_POINT_SELECTION  / GREETINGS / uuid=2d194df3-f4d8-45d1-9a3b-8bdf80d62b5d / id=null
2024-05-27 16:55:44.311  INFO 6728 --- [Du2UnikBot Telegram Executor] o.s.s.support.LifecycleObjectSupport     : started org.springframework.statemachine.support.DefaultStateMachineExecutor@283d5c5d
2024-05-27 16:55:44.311  INFO 6728 --- [Du2UnikBot Telegram Executor] o.s.s.support.LifecycleObjectSupport     : started GREETINGS END ADDING_FRIENDS FINISH_POINT_SELECTION MAIN TICKET_CONFIRMATION MEETING_TIME_SELECTION RESERVED_SEATS_SELECTION START_POINT_SELECTION  / GREETINGS / uuid=c19dc586-790e-471b-9f1c-d51606c099ed / id=null
2024-05-27 16:55:44.312  INFO 6728 --- [Du2UnikBot Telegram Executor] o.s.s.support.LifecycleObjectSupport     : stopped org.springframework.statemachine.support.DefaultStateMachineExecutor@283d5c5d
2024-05-27 16:55:44.312  INFO 6728 --- [Du2UnikBot Telegram Executor] o.s.s.support.LifecycleObjectSupport     : stopped GREETINGS END ADDING_FRIENDS FINISH_POINT_SELECTION MAIN TICKET_CONFIRMATION MEETING_TIME_SELECTION RESERVED_SEATS_SELECTION START_POINT_SELECTION  /  / uuid=c19dc586-790e-471b-9f1c-d51606c099ed / id=null
2024-05-27 16:55:44.313  INFO 6728 --- [Du2UnikBot Telegram Executor] o.s.s.support.LifecycleObjectSupport     : started ObjectState [getIds()=[MAIN], getClass()=class org.springframework.statemachine.state.ObjectState, hashCode()=611525807, toString()=AbstractState [id=MAIN, pseudoState=null, deferred=[], entryActions=[], exitActions=[], stateActions=[], regions=[], submachine=null]]
2024-05-27 16:55:44.313  INFO 6728 --- [Du2UnikBot Telegram Executor] o.s.s.support.LifecycleObjectSupport     : started org.springframework.statemachine.support.DefaultStateMachineExecutor@283d5c5d
2024-05-27 16:55:44.314  INFO 6728 --- [Du2UnikBot Telegram Executor] o.s.s.support.LifecycleObjectSupport     : started GREETINGS END ADDING_FRIENDS FINISH_POINT_SELECTION MAIN TICKET_CONFIRMATION MEETING_TIME_SELECTION RESERVED_SEATS_SELECTION START_POINT_SELECTION  / MAIN / uuid=c19dc586-790e-471b-9f1c-d51606c099ed / id=null
2024-05-27 16:55:44.316  INFO 6728 --- [Du2UnikBot Telegram Executor] o.s.s.support.LifecycleObjectSupport     : started org.springframework.statemachine.support.DefaultStateMachineExecutor@6fa80a3b
2024-05-27 16:55:44.316  INFO 6728 --- [Du2UnikBot Telegram Executor] o.s.s.support.LifecycleObjectSupport     : started GREETINGS END ADDING_FRIENDS FINISH_POINT_SELECTION MAIN TICKET_CONFIRMATION MEETING_TIME_SELECTION RESERVED_SEATS_SELECTION START_POINT_SELECTION  / GREETINGS / uuid=a17e68b4-0712-4438-9861-cf688e0d787e / id=null
2024-05-27 16:55:44.399  INFO 6728 --- [Du2UnikBot Telegram Executor] o.s.s.support.LifecycleObjectSupport     : stopped org.springframework.statemachine.support.DefaultStateMachineExecutor@6fa80a3b
2024-05-27 16:55:44.399  INFO 6728 --- [Du2UnikBot Telegram Executor] o.s.s.support.LifecycleObjectSupport     : stopped GREETINGS END ADDING_FRIENDS FINISH_POINT_SELECTION MAIN TICKET_CONFIRMATION MEETING_TIME_SELECTION RESERVED_SEATS_SELECTION START_POINT_SELECTION  /  / uuid=a17e68b4-0712-4438-9861-cf688e0d787e / id=null
2024-05-27 16:55:44.400  INFO 6728 --- [Du2UnikBot Telegram Executor] o.s.s.support.LifecycleObjectSupport     : started ObjectState [getIds()=[MAIN], getClass()=class org.springframework.statemachine.state.ObjectState, hashCode()=574419505, toString()=AbstractState [id=MAIN, pseudoState=null, deferred=[], entryActions=[], exitActions=[], stateActions=[], regions=[], submachine=null]]
2024-05-27 16:55:44.400  INFO 6728 --- [Du2UnikBot Telegram Executor] o.s.s.support.LifecycleObjectSupport     : started org.springframework.statemachine.support.DefaultStateMachineExecutor@6fa80a3b
2024-05-27 16:55:44.401  INFO 6728 --- [Du2UnikBot Telegram Executor] o.s.s.support.LifecycleObjectSupport     : started GREETINGS END ADDING_FRIENDS FINISH_POINT_SELECTION MAIN TICKET_CONFIRMATION MEETING_TIME_SELECTION RESERVED_SEATS_SELECTION START_POINT_SELECTION  / MAIN / uuid=a17e68b4-0712-4438-9861-cf688e0d787e / id=null
2024-05-27 16:56:11.070  INFO 6728 --- [Du2UnikBot Telegram Executor] o.s.s.support.LifecycleObjectSupport     : started org.springframework.statemachine.support.DefaultStateMachineExecutor@76d4ca67
2024-05-27 16:56:11.071  INFO 6728 --- [Du2UnikBot Telegram Executor] o.s.s.support.LifecycleObjectSupport     : started GREETINGS END ADDING_FRIENDS FINISH_POINT_SELECTION MAIN TICKET_CONFIRMATION MEETING_TIME_SELECTION RESERVED_SEATS_SELECTION START_POINT_SELECTION  / GREETINGS / uuid=89b1cb6d-4c7b-45b1-866b-a6f48444eaab / id=null
2024-05-27 16:56:11.071  INFO 6728 --- [Du2UnikBot Telegram Executor] o.s.s.support.LifecycleObjectSupport     : stopped org.springframework.statemachine.support.DefaultStateMachineExecutor@76d4ca67
2024-05-27 16:56:11.072  INFO 6728 --- [Du2UnikBot Telegram Executor] o.s.s.support.LifecycleObjectSupport     : stopped GREETINGS END ADDING_FRIENDS FINISH_POINT_SELECTION MAIN TICKET_CONFIRMATION MEETING_TIME_SELECTION RESERVED_SEATS_SELECTION START_POINT_SELECTION  /  / uuid=89b1cb6d-4c7b-45b1-866b-a6f48444eaab / id=null
2024-05-27 16:56:11.072  INFO 6728 --- [Du2UnikBot Telegram Executor] o.s.s.support.AbstractStateMachine       : Got null context, resetting to initial state, clearing extended state and machine id
2024-05-27 16:56:11.072  INFO 6728 --- [Du2UnikBot Telegram Executor] o.s.s.support.LifecycleObjectSupport     : started org.springframework.statemachine.support.DefaultStateMachineExecutor@76d4ca67
2024-05-27 16:56:11.072  INFO 6728 --- [Du2UnikBot Telegram Executor] o.s.s.support.LifecycleObjectSupport     : started GREETINGS END ADDING_FRIENDS FINISH_POINT_SELECTION MAIN TICKET_CONFIRMATION MEETING_TIME_SELECTION RESERVED_SEATS_SELECTION START_POINT_SELECTION  / GREETINGS / uuid=89b1cb6d-4c7b-45b1-866b-a6f48444eaab / id=null
2024-05-27 16:56:11.077  INFO 6728 --- [Du2UnikBot Telegram Executor] o.s.s.support.LifecycleObjectSupport     : started org.springframework.statemachine.support.DefaultStateMachineExecutor@62da7079
2024-05-27 16:56:11.078  INFO 6728 --- [Du2UnikBot Telegram Executor] o.s.s.support.LifecycleObjectSupport     : started GREETINGS END ADDING_FRIENDS FINISH_POINT_SELECTION MAIN TICKET_CONFIRMATION MEETING_TIME_SELECTION RESERVED_SEATS_SELECTION START_POINT_SELECTION  / GREETINGS / uuid=c010af7b-e4e2-48f4-9182-adf70967fb05 / id=null
2024-05-27 16:56:18.455  INFO 6728 --- [Du2UnikBot Telegram Executor] o.s.s.support.LifecycleObjectSupport     : started org.springframework.statemachine.support.DefaultStateMachineExecutor@3e89fe72
2024-05-27 16:56:18.455  INFO 6728 --- [Du2UnikBot Telegram Executor] o.s.s.support.LifecycleObjectSupport     : started GREETINGS END ADDING_FRIENDS FINISH_POINT_SELECTION MAIN TICKET_CONFIRMATION MEETING_TIME_SELECTION RESERVED_SEATS_SELECTION START_POINT_SELECTION  / GREETINGS / uuid=b1c0214e-96bf-497d-8224-6b94dacab19b / id=null
2024-05-27 16:56:18.456  INFO 6728 --- [Du2UnikBot Telegram Executor] o.s.s.support.LifecycleObjectSupport     : stopped org.springframework.statemachine.support.DefaultStateMachineExecutor@3e89fe72
2024-05-27 16:56:18.456  INFO 6728 --- [Du2UnikBot Telegram Executor] o.s.s.support.LifecycleObjectSupport     : stopped GREETINGS END ADDING_FRIENDS FINISH_POINT_SELECTION MAIN TICKET_CONFIRMATION MEETING_TIME_SELECTION RESERVED_SEATS_SELECTION START_POINT_SELECTION  /  / uuid=b1c0214e-96bf-497d-8224-6b94dacab19b / id=null
2024-05-27 16:56:18.456  INFO 6728 --- [Du2UnikBot Telegram Executor] o.s.s.support.LifecycleObjectSupport     : started ObjectState [getIds()=[MAIN], getClass()=class org.springframework.statemachine.state.ObjectState, hashCode()=1549140479, toString()=AbstractState [id=MAIN, pseudoState=null, deferred=[], entryActions=[], exitActions=[], stateActions=[], regions=[], submachine=null]]
2024-05-27 16:56:18.456  INFO 6728 --- [Du2UnikBot Telegram Executor] o.s.s.support.LifecycleObjectSupport     : started org.springframework.statemachine.support.DefaultStateMachineExecutor@3e89fe72
2024-05-27 16:56:18.456  INFO 6728 --- [Du2UnikBot Telegram Executor] o.s.s.support.LifecycleObjectSupport     : started GREETINGS END ADDING_FRIENDS FINISH_POINT_SELECTION MAIN TICKET_CONFIRMATION MEETING_TIME_SELECTION RESERVED_SEATS_SELECTION START_POINT_SELECTION  / MAIN / uuid=b1c0214e-96bf-497d-8224-6b94dacab19b / id=null
2024-05-27 16:56:18.458  INFO 6728 --- [Du2UnikBot Telegram Executor] o.s.s.support.LifecycleObjectSupport     : started org.springframework.statemachine.support.DefaultStateMachineExecutor@31e958eb
2024-05-27 16:56:18.458  INFO 6728 --- [Du2UnikBot Telegram Executor] o.s.s.support.LifecycleObjectSupport     : started GREETINGS END ADDING_FRIENDS FINISH_POINT_SELECTION MAIN TICKET_CONFIRMATION MEETING_TIME_SELECTION RESERVED_SEATS_SELECTION START_POINT_SELECTION  / GREETINGS / uuid=3a4dc637-da9f-4f3b-b3a9-681b6f830897 / id=null
2024-05-27 16:56:18.460  INFO 6728 --- [Du2UnikBot Telegram Executor] o.s.s.support.LifecycleObjectSupport     : stopped org.springframework.statemachine.support.DefaultStateMachineExecutor@31e958eb
2024-05-27 16:56:18.461  INFO 6728 --- [Du2UnikBot Telegram Executor] o.s.s.support.LifecycleObjectSupport     : stopped GREETINGS END ADDING_FRIENDS FINISH_POINT_SELECTION MAIN TICKET_CONFIRMATION MEETING_TIME_SELECTION RESERVED_SEATS_SELECTION START_POINT_SELECTION  /  / uuid=3a4dc637-da9f-4f3b-b3a9-681b6f830897 / id=null
2024-05-27 16:56:18.461  INFO 6728 --- [Du2UnikBot Telegram Executor] o.s.s.support.LifecycleObjectSupport     : started ObjectState [getIds()=[MAIN], getClass()=class org.springframework.statemachine.state.ObjectState, hashCode()=514677659, toString()=AbstractState [id=MAIN, pseudoState=null, deferred=[], entryActions=[], exitActions=[], stateActions=[], regions=[], submachine=null]]
2024-05-27 16:56:18.461  INFO 6728 --- [Du2UnikBot Telegram Executor] o.s.s.support.LifecycleObjectSupport     : started org.springframework.statemachine.support.DefaultStateMachineExecutor@31e958eb
2024-05-27 16:56:18.462  INFO 6728 --- [Du2UnikBot Telegram Executor] o.s.s.support.LifecycleObjectSupport     : started GREETINGS END ADDING_FRIENDS FINISH_POINT_SELECTION MAIN TICKET_CONFIRMATION MEETING_TIME_SELECTION RESERVED_SEATS_SELECTION START_POINT_SELECTION  / MAIN / uuid=3a4dc637-da9f-4f3b-b3a9-681b6f830897 / id=null
2024-05-27 16:56:20.035  INFO 6728 --- [Du2UnikBot Telegram Executor] o.s.s.support.LifecycleObjectSupport     : started org.springframework.statemachine.support.DefaultStateMachineExecutor@3f2450d
2024-05-27 16:56:20.035  INFO 6728 --- [Du2UnikBot Telegram Executor] o.s.s.support.LifecycleObjectSupport     : started GREETINGS END ADDING_FRIENDS FINISH_POINT_SELECTION MAIN TICKET_CONFIRMATION MEETING_TIME_SELECTION RESERVED_SEATS_SELECTION START_POINT_SELECTION  / GREETINGS / uuid=faa46a88-6905-4bb3-9063-cd2936ab3b8c / id=null
2024-05-27 16:56:20.035  INFO 6728 --- [Du2UnikBot Telegram Executor] o.s.s.support.LifecycleObjectSupport     : stopped org.springframework.statemachine.support.DefaultStateMachineExecutor@3f2450d
2024-05-27 16:56:20.035  INFO 6728 --- [Du2UnikBot Telegram Executor] o.s.s.support.LifecycleObjectSupport     : stopped GREETINGS END ADDING_FRIENDS FINISH_POINT_SELECTION MAIN TICKET_CONFIRMATION MEETING_TIME_SELECTION RESERVED_SEATS_SELECTION START_POINT_SELECTION  /  / uuid=faa46a88-6905-4bb3-9063-cd2936ab3b8c / id=null
2024-05-27 16:56:20.035  INFO 6728 --- [Du2UnikBot Telegram Executor] o.s.s.support.LifecycleObjectSupport     : started ObjectState [getIds()=[MAIN], getClass()=class org.springframework.statemachine.state.ObjectState, hashCode()=1799329472, toString()=AbstractState [id=MAIN, pseudoState=null, deferred=[], entryActions=[], exitActions=[], stateActions=[], regions=[], submachine=null]]
2024-05-27 16:56:20.036  INFO 6728 --- [Du2UnikBot Telegram Executor] o.s.s.support.LifecycleObjectSupport     : started org.springframework.statemachine.support.DefaultStateMachineExecutor@3f2450d
2024-05-27 16:56:20.036  INFO 6728 --- [Du2UnikBot Telegram Executor] o.s.s.support.LifecycleObjectSupport     : started GREETINGS END ADDING_FRIENDS FINISH_POINT_SELECTION MAIN TICKET_CONFIRMATION MEETING_TIME_SELECTION RESERVED_SEATS_SELECTION START_POINT_SELECTION  / MAIN / uuid=faa46a88-6905-4bb3-9063-cd2936ab3b8c / id=null
2024-05-27 16:56:20.037  INFO 6728 --- [Du2UnikBot Telegram Executor] o.s.s.support.LifecycleObjectSupport     : started org.springframework.statemachine.support.DefaultStateMachineExecutor@27f721b2
2024-05-27 16:56:20.037  INFO 6728 --- [Du2UnikBot Telegram Executor] o.s.s.support.LifecycleObjectSupport     : started GREETINGS END ADDING_FRIENDS FINISH_POINT_SELECTION MAIN TICKET_CONFIRMATION MEETING_TIME_SELECTION RESERVED_SEATS_SELECTION START_POINT_SELECTION  / GREETINGS / uuid=baf32517-14c5-4e41-8028-47471ddd5fea / id=null
2024-05-27 16:56:20.039  INFO 6728 --- [Du2UnikBot Telegram Executor] o.s.s.support.LifecycleObjectSupport     : stopped org.springframework.statemachine.support.DefaultStateMachineExecutor@27f721b2
2024-05-27 16:56:20.039  INFO 6728 --- [Du2UnikBot Telegram Executor] o.s.s.support.LifecycleObjectSupport     : stopped GREETINGS END ADDING_FRIENDS FINISH_POINT_SELECTION MAIN TICKET_CONFIRMATION MEETING_TIME_SELECTION RESERVED_SEATS_SELECTION START_POINT_SELECTION  /  / uuid=baf32517-14c5-4e41-8028-47471ddd5fea / id=null
2024-05-27 16:56:20.040  INFO 6728 --- [Du2UnikBot Telegram Executor] o.s.s.support.LifecycleObjectSupport     : started ObjectState [getIds()=[MAIN], getClass()=class org.springframework.statemachine.state.ObjectState, hashCode()=1065620151, toString()=AbstractState [id=MAIN, pseudoState=null, deferred=[], entryActions=[], exitActions=[], stateActions=[], regions=[], submachine=null]]
2024-05-27 16:56:20.040  INFO 6728 --- [Du2UnikBot Telegram Executor] o.s.s.support.LifecycleObjectSupport     : started org.springframework.statemachine.support.DefaultStateMachineExecutor@27f721b2
2024-05-27 16:56:20.040  INFO 6728 --- [Du2UnikBot Telegram Executor] o.s.s.support.LifecycleObjectSupport     : started GREETINGS END ADDING_FRIENDS FINISH_POINT_SELECTION MAIN TICKET_CONFIRMATION MEETING_TIME_SELECTION RESERVED_SEATS_SELECTION START_POINT_SELECTION  / MAIN / uuid=baf32517-14c5-4e41-8028-47471ddd5fea / id=null
2024-05-27 16:56:22.308  INFO 6728 --- [Du2UnikBot Telegram Executor] o.s.s.support.LifecycleObjectSupport     : started org.springframework.statemachine.support.DefaultStateMachineExecutor@157f59a7
2024-05-27 16:56:22.309  INFO 6728 --- [Du2UnikBot Telegram Executor] o.s.s.support.LifecycleObjectSupport     : started GREETINGS END ADDING_FRIENDS FINISH_POINT_SELECTION MAIN TICKET_CONFIRMATION MEETING_TIME_SELECTION RESERVED_SEATS_SELECTION START_POINT_SELECTION  / GREETINGS / uuid=1d4df36e-59e9-41ca-ae72-296d2003c5c5 / id=null
2024-05-27 16:56:22.309  INFO 6728 --- [Du2UnikBot Telegram Executor] o.s.s.support.LifecycleObjectSupport     : stopped org.springframework.statemachine.support.DefaultStateMachineExecutor@157f59a7
2024-05-27 16:56:22.309  INFO 6728 --- [Du2UnikBot Telegram Executor] o.s.s.support.LifecycleObjectSupport     : stopped GREETINGS END ADDING_FRIENDS FINISH_POINT_SELECTION MAIN TICKET_CONFIRMATION MEETING_TIME_SELECTION RESERVED_SEATS_SELECTION START_POINT_SELECTION  /  / uuid=1d4df36e-59e9-41ca-ae72-296d2003c5c5 / id=null
2024-05-27 16:56:22.309  INFO 6728 --- [Du2UnikBot Telegram Executor] o.s.s.support.LifecycleObjectSupport     : started ObjectState [getIds()=[MAIN], getClass()=class org.springframework.statemachine.state.ObjectState, hashCode()=563424863, toString()=AbstractState [id=MAIN, pseudoState=null, deferred=[], entryActions=[], exitActions=[], stateActions=[], regions=[], submachine=null]]
2024-05-27 16:56:22.309  INFO 6728 --- [Du2UnikBot Telegram Executor] o.s.s.support.LifecycleObjectSupport     : started org.springframework.statemachine.support.DefaultStateMachineExecutor@157f59a7
2024-05-27 16:56:22.310  INFO 6728 --- [Du2UnikBot Telegram Executor] o.s.s.support.LifecycleObjectSupport     : started GREETINGS END ADDING_FRIENDS FINISH_POINT_SELECTION MAIN TICKET_CONFIRMATION MEETING_TIME_SELECTION RESERVED_SEATS_SELECTION START_POINT_SELECTION  / MAIN / uuid=1d4df36e-59e9-41ca-ae72-296d2003c5c5 / id=null
2024-05-27 16:56:22.311  INFO 6728 --- [Du2UnikBot Telegram Executor] o.s.s.support.LifecycleObjectSupport     : started org.springframework.statemachine.support.DefaultStateMachineExecutor@133e2d7c
2024-05-27 16:56:22.311  INFO 6728 --- [Du2UnikBot Telegram Executor] o.s.s.support.LifecycleObjectSupport     : started GREETINGS END ADDING_FRIENDS FINISH_POINT_SELECTION MAIN TICKET_CONFIRMATION MEETING_TIME_SELECTION RESERVED_SEATS_SELECTION START_POINT_SELECTION  / GREETINGS / uuid=e84c1519-9716-47e4-a634-fa7334d23d52 / id=null
2024-05-27 16:56:22.313  INFO 6728 --- [Du2UnikBot Telegram Executor] o.s.s.support.LifecycleObjectSupport     : stopped org.springframework.statemachine.support.DefaultStateMachineExecutor@133e2d7c
2024-05-27 16:56:22.314  INFO 6728 --- [Du2UnikBot Telegram Executor] o.s.s.support.LifecycleObjectSupport     : stopped GREETINGS END ADDING_FRIENDS FINISH_POINT_SELECTION MAIN TICKET_CONFIRMATION MEETING_TIME_SELECTION RESERVED_SEATS_SELECTION START_POINT_SELECTION  /  / uuid=e84c1519-9716-47e4-a634-fa7334d23d52 / id=null
2024-05-27 16:56:22.314  INFO 6728 --- [Du2UnikBot Telegram Executor] o.s.s.support.LifecycleObjectSupport     : started ObjectState [getIds()=[MAIN], getClass()=class org.springframework.statemachine.state.ObjectState, hashCode()=713037832, toString()=AbstractState [id=MAIN, pseudoState=null, deferred=[], entryActions=[], exitActions=[], stateActions=[], regions=[], submachine=null]]
2024-05-27 16:56:22.314  INFO 6728 --- [Du2UnikBot Telegram Executor] o.s.s.support.LifecycleObjectSupport     : started org.springframework.statemachine.support.DefaultStateMachineExecutor@133e2d7c
2024-05-27 16:56:22.314  INFO 6728 --- [Du2UnikBot Telegram Executor] o.s.s.support.LifecycleObjectSupport     : started GREETINGS END ADDING_FRIENDS FINISH_POINT_SELECTION MAIN TICKET_CONFIRMATION MEETING_TIME_SELECTION RESERVED_SEATS_SELECTION START_POINT_SELECTION  / MAIN / uuid=e84c1519-9716-47e4-a634-fa7334d23d52 / id=null
2024-05-27 16:56:24.309  INFO 6728 --- [Du2UnikBot Telegram Executor] o.s.s.support.LifecycleObjectSupport     : started org.springframework.statemachine.support.DefaultStateMachineExecutor@bc73900
2024-05-27 16:56:24.309  INFO 6728 --- [Du2UnikBot Telegram Executor] o.s.s.support.LifecycleObjectSupport     : started GREETINGS END ADDING_FRIENDS FINISH_POINT_SELECTION MAIN TICKET_CONFIRMATION MEETING_TIME_SELECTION RESERVED_SEATS_SELECTION START_POINT_SELECTION  / GREETINGS / uuid=d3a649a6-c773-4d54-adde-deed44b4de19 / id=null
2024-05-27 16:56:24.309  INFO 6728 --- [Du2UnikBot Telegram Executor] o.s.s.support.LifecycleObjectSupport     : stopped org.springframework.statemachine.support.DefaultStateMachineExecutor@bc73900
2024-05-27 16:56:24.309  INFO 6728 --- [Du2UnikBot Telegram Executor] o.s.s.support.LifecycleObjectSupport     : stopped GREETINGS END ADDING_FRIENDS FINISH_POINT_SELECTION MAIN TICKET_CONFIRMATION MEETING_TIME_SELECTION RESERVED_SEATS_SELECTION START_POINT_SELECTION  /  / uuid=d3a649a6-c773-4d54-adde-deed44b4de19 / id=null
2024-05-27 16:56:24.310  INFO 6728 --- [Du2UnikBot Telegram Executor] o.s.s.support.LifecycleObjectSupport     : started ObjectState [getIds()=[START_POINT_SELECTION], getClass()=class org.springframework.statemachine.state.ObjectState, hashCode()=664951518, toString()=AbstractState [id=START_POINT_SELECTION, pseudoState=null, deferred=[], entryActions=[], exitActions=[], stateActions=[], regions=[], submachine=null]]
2024-05-27 16:56:24.310  INFO 6728 --- [Du2UnikBot Telegram Executor] o.s.s.support.LifecycleObjectSupport     : started org.springframework.statemachine.support.DefaultStateMachineExecutor@bc73900
2024-05-27 16:56:24.310  INFO 6728 --- [Du2UnikBot Telegram Executor] o.s.s.support.LifecycleObjectSupport     : started GREETINGS END ADDING_FRIENDS FINISH_POINT_SELECTION MAIN TICKET_CONFIRMATION MEETING_TIME_SELECTION RESERVED_SEATS_SELECTION START_POINT_SELECTION  / START_POINT_SELECTION / uuid=d3a649a6-c773-4d54-adde-deed44b4de19 / id=null
2024-05-27 16:56:24.311  INFO 6728 --- [Du2UnikBot Telegram Executor] o.s.s.support.LifecycleObjectSupport     : started org.springframework.statemachine.support.DefaultStateMachineExecutor@34672365
2024-05-27 16:56:24.312  INFO 6728 --- [Du2UnikBot Telegram Executor] o.s.s.support.LifecycleObjectSupport     : started GREETINGS END ADDING_FRIENDS FINISH_POINT_SELECTION MAIN TICKET_CONFIRMATION MEETING_TIME_SELECTION RESERVED_SEATS_SELECTION START_POINT_SELECTION  / GREETINGS / uuid=036ed131-cb27-4fc9-a00f-42f752c7cf70 / id=null
2024-05-27 16:56:24.312  INFO 6728 --- [Du2UnikBot Telegram Executor] o.s.s.support.LifecycleObjectSupport     : stopped org.springframework.statemachine.support.DefaultStateMachineExecutor@34672365
2024-05-27 16:56:24.312  INFO 6728 --- [Du2UnikBot Telegram Executor] o.s.s.support.LifecycleObjectSupport     : stopped GREETINGS END ADDING_FRIENDS FINISH_POINT_SELECTION MAIN TICKET_CONFIRMATION MEETING_TIME_SELECTION RESERVED_SEATS_SELECTION START_POINT_SELECTION  /  / uuid=036ed131-cb27-4fc9-a00f-42f752c7cf70 / id=null
2024-05-27 16:56:24.312  INFO 6728 --- [Du2UnikBot Telegram Executor] o.s.s.support.LifecycleObjectSupport     : started ObjectState [getIds()=[START_POINT_SELECTION], getClass()=class org.springframework.statemachine.state.ObjectState, hashCode()=2015374888, toString()=AbstractState [id=START_POINT_SELECTION, pseudoState=null, deferred=[], entryActions=[], exitActions=[], stateActions=[], regions=[], submachine=null]]
2024-05-27 16:56:24.312  INFO 6728 --- [Du2UnikBot Telegram Executor] o.s.s.support.LifecycleObjectSupport     : started org.springframework.statemachine.support.DefaultStateMachineExecutor@34672365
2024-05-27 16:56:24.312  INFO 6728 --- [Du2UnikBot Telegram Executor] o.s.s.support.LifecycleObjectSupport     : started GREETINGS END ADDING_FRIENDS FINISH_POINT_SELECTION MAIN TICKET_CONFIRMATION MEETING_TIME_SELECTION RESERVED_SEATS_SELECTION START_POINT_SELECTION  / START_POINT_SELECTION / uuid=036ed131-cb27-4fc9-a00f-42f752c7cf70 / id=null
2024-05-27 16:56:26.352  INFO 6728 --- [Du2UnikBot Telegram Executor] o.s.s.support.LifecycleObjectSupport     : started org.springframework.statemachine.support.DefaultStateMachineExecutor@3cb1feaf
2024-05-27 16:56:26.352  INFO 6728 --- [Du2UnikBot Telegram Executor] o.s.s.support.LifecycleObjectSupport     : started GREETINGS END ADDING_FRIENDS FINISH_POINT_SELECTION MAIN TICKET_CONFIRMATION MEETING_TIME_SELECTION RESERVED_SEATS_SELECTION START_POINT_SELECTION  / GREETINGS / uuid=50fa67fe-5e39-44c7-998e-52ca2c40a7a2 / id=null
2024-05-27 16:56:26.352  INFO 6728 --- [Du2UnikBot Telegram Executor] o.s.s.support.LifecycleObjectSupport     : stopped org.springframework.statemachine.support.DefaultStateMachineExecutor@3cb1feaf
2024-05-27 16:56:26.352  INFO 6728 --- [Du2UnikBot Telegram Executor] o.s.s.support.LifecycleObjectSupport     : stopped GREETINGS END ADDING_FRIENDS FINISH_POINT_SELECTION MAIN TICKET_CONFIRMATION MEETING_TIME_SELECTION RESERVED_SEATS_SELECTION START_POINT_SELECTION  /  / uuid=50fa67fe-5e39-44c7-998e-52ca2c40a7a2 / id=null
2024-05-27 16:56:26.352  INFO 6728 --- [Du2UnikBot Telegram Executor] o.s.s.support.LifecycleObjectSupport     : started ObjectState [getIds()=[FINISH_POINT_SELECTION], getClass()=class org.springframework.statemachine.state.ObjectState, hashCode()=618467467, toString()=AbstractState [id=FINISH_POINT_SELECTION, pseudoState=null, deferred=[], entryActions=[], exitActions=[], stateActions=[], regions=[], submachine=null]]
2024-05-27 16:56:26.353  INFO 6728 --- [Du2UnikBot Telegram Executor] o.s.s.support.LifecycleObjectSupport     : started org.springframework.statemachine.support.DefaultStateMachineExecutor@3cb1feaf
2024-05-27 16:56:26.353  INFO 6728 --- [Du2UnikBot Telegram Executor] o.s.s.support.LifecycleObjectSupport     : started GREETINGS END ADDING_FRIENDS FINISH_POINT_SELECTION MAIN TICKET_CONFIRMATION MEETING_TIME_SELECTION RESERVED_SEATS_SELECTION START_POINT_SELECTION  / FINISH_POINT_SELECTION / uuid=50fa67fe-5e39-44c7-998e-52ca2c40a7a2 / id=null
2024-05-27 16:56:26.354  INFO 6728 --- [Du2UnikBot Telegram Executor] o.s.s.support.LifecycleObjectSupport     : started org.springframework.statemachine.support.DefaultStateMachineExecutor@51d48306
2024-05-27 16:56:26.354  INFO 6728 --- [Du2UnikBot Telegram Executor] o.s.s.support.LifecycleObjectSupport     : started GREETINGS END ADDING_FRIENDS FINISH_POINT_SELECTION MAIN TICKET_CONFIRMATION MEETING_TIME_SELECTION RESERVED_SEATS_SELECTION START_POINT_SELECTION  / GREETINGS / uuid=d6bbe535-e3cd-4840-ade9-dcb0784e60e0 / id=null
2024-05-27 16:56:26.354  INFO 6728 --- [Du2UnikBot Telegram Executor] o.s.s.support.LifecycleObjectSupport     : stopped org.springframework.statemachine.support.DefaultStateMachineExecutor@51d48306
2024-05-27 16:56:26.355  INFO 6728 --- [Du2UnikBot Telegram Executor] o.s.s.support.LifecycleObjectSupport     : stopped GREETINGS END ADDING_FRIENDS FINISH_POINT_SELECTION MAIN TICKET_CONFIRMATION MEETING_TIME_SELECTION RESERVED_SEATS_SELECTION START_POINT_SELECTION  /  / uuid=d6bbe535-e3cd-4840-ade9-dcb0784e60e0 / id=null
2024-05-27 16:56:26.355  INFO 6728 --- [Du2UnikBot Telegram Executor] o.s.s.support.LifecycleObjectSupport     : started ObjectState [getIds()=[FINISH_POINT_SELECTION], getClass()=class org.springframework.statemachine.state.ObjectState, hashCode()=1916508426, toString()=AbstractState [id=FINISH_POINT_SELECTION, pseudoState=null, deferred=[], entryActions=[], exitActions=[], stateActions=[], regions=[], submachine=null]]
2024-05-27 16:56:26.355  INFO 6728 --- [Du2UnikBot Telegram Executor] o.s.s.support.LifecycleObjectSupport     : started org.springframework.statemachine.support.DefaultStateMachineExecutor@51d48306
2024-05-27 16:56:26.355  INFO 6728 --- [Du2UnikBot Telegram Executor] o.s.s.support.LifecycleObjectSupport     : started GREETINGS END ADDING_FRIENDS FINISH_POINT_SELECTION MAIN TICKET_CONFIRMATION MEETING_TIME_SELECTION RESERVED_SEATS_SELECTION START_POINT_SELECTION  / FINISH_POINT_SELECTION / uuid=d6bbe535-e3cd-4840-ade9-dcb0784e60e0 / id=null
2024-05-27 16:56:30.338  INFO 6728 --- [Du2UnikBot Telegram Executor] o.s.s.support.LifecycleObjectSupport     : started org.springframework.statemachine.support.DefaultStateMachineExecutor@7bf492aa
2024-05-27 16:56:30.338  INFO 6728 --- [Du2UnikBot Telegram Executor] o.s.s.support.LifecycleObjectSupport     : started GREETINGS END ADDING_FRIENDS FINISH_POINT_SELECTION MAIN TICKET_CONFIRMATION MEETING_TIME_SELECTION RESERVED_SEATS_SELECTION START_POINT_SELECTION  / GREETINGS / uuid=5cdc34ed-b683-4ab3-9616-c2b820f4b4b8 / id=null
2024-05-27 16:56:30.338  INFO 6728 --- [Du2UnikBot Telegram Executor] o.s.s.support.LifecycleObjectSupport     : stopped org.springframework.statemachine.support.DefaultStateMachineExecutor@7bf492aa
2024-05-27 16:56:30.340  INFO 6728 --- [Du2UnikBot Telegram Executor] o.s.s.support.LifecycleObjectSupport     : stopped GREETINGS END ADDING_FRIENDS FINISH_POINT_SELECTION MAIN TICKET_CONFIRMATION MEETING_TIME_SELECTION RESERVED_SEATS_SELECTION START_POINT_SELECTION  /  / uuid=5cdc34ed-b683-4ab3-9616-c2b820f4b4b8 / id=null
2024-05-27 16:56:30.340  INFO 6728 --- [Du2UnikBot Telegram Executor] o.s.s.support.LifecycleObjectSupport     : started ObjectState [getIds()=[RESERVED_SEATS_SELECTION], getClass()=class org.springframework.statemachine.state.ObjectState, hashCode()=1251918146, toString()=AbstractState [id=RESERVED_SEATS_SELECTION, pseudoState=null, deferred=[], entryActions=[], exitActions=[], stateActions=[], regions=[], submachine=null]]
2024-05-27 16:56:30.340  INFO 6728 --- [Du2UnikBot Telegram Executor] o.s.s.support.LifecycleObjectSupport     : started org.springframework.statemachine.support.DefaultStateMachineExecutor@7bf492aa
2024-05-27 16:56:30.341  INFO 6728 --- [Du2UnikBot Telegram Executor] o.s.s.support.LifecycleObjectSupport     : started GREETINGS END ADDING_FRIENDS FINISH_POINT_SELECTION MAIN TICKET_CONFIRMATION MEETING_TIME_SELECTION RESERVED_SEATS_SELECTION START_POINT_SELECTION  / RESERVED_SEATS_SELECTION / uuid=5cdc34ed-b683-4ab3-9616-c2b820f4b4b8 / id=null
2024-05-27 16:56:30.342  INFO 6728 --- [Du2UnikBot Telegram Executor] o.s.s.support.LifecycleObjectSupport     : started org.springframework.statemachine.support.DefaultStateMachineExecutor@709dd7bf
2024-05-27 16:56:30.342  INFO 6728 --- [Du2UnikBot Telegram Executor] o.s.s.support.LifecycleObjectSupport     : started GREETINGS END ADDING_FRIENDS FINISH_POINT_SELECTION MAIN TICKET_CONFIRMATION MEETING_TIME_SELECTION RESERVED_SEATS_SELECTION START_POINT_SELECTION  / GREETINGS / uuid=6c8f0326-0309-4651-9cd2-11d8852025d8 / id=null
2024-05-27 16:56:30.342  INFO 6728 --- [Du2UnikBot Telegram Executor] o.s.s.support.LifecycleObjectSupport     : stopped org.springframework.statemachine.support.DefaultStateMachineExecutor@709dd7bf
2024-05-27 16:56:30.342  INFO 6728 --- [Du2UnikBot Telegram Executor] o.s.s.support.LifecycleObjectSupport     : stopped GREETINGS END ADDING_FRIENDS FINISH_POINT_SELECTION MAIN TICKET_CONFIRMATION MEETING_TIME_SELECTION RESERVED_SEATS_SELECTION START_POINT_SELECTION  /  / uuid=6c8f0326-0309-4651-9cd2-11d8852025d8 / id=null
2024-05-27 16:56:30.342  INFO 6728 --- [Du2UnikBot Telegram Executor] o.s.s.support.LifecycleObjectSupport     : started ObjectState [getIds()=[RESERVED_SEATS_SELECTION], getClass()=class org.springframework.statemachine.state.ObjectState, hashCode()=1590918281, toString()=AbstractState [id=RESERVED_SEATS_SELECTION, pseudoState=null, deferred=[], entryActions=[], exitActions=[], stateActions=[], regions=[], submachine=null]]
2024-05-27 16:56:30.342  INFO 6728 --- [Du2UnikBot Telegram Executor] o.s.s.support.LifecycleObjectSupport     : started org.springframework.statemachine.support.DefaultStateMachineExecutor@709dd7bf
2024-05-27 16:56:30.342  INFO 6728 --- [Du2UnikBot Telegram Executor] o.s.s.support.LifecycleObjectSupport     : started GREETINGS END ADDING_FRIENDS FINISH_POINT_SELECTION MAIN TICKET_CONFIRMATION MEETING_TIME_SELECTION RESERVED_SEATS_SELECTION START_POINT_SELECTION  / RESERVED_SEATS_SELECTION / uuid=6c8f0326-0309-4651-9cd2-11d8852025d8 / id=null
2024-05-27 16:56:38.627  INFO 6728 --- [Du2UnikBot Telegram Executor] o.s.s.support.LifecycleObjectSupport     : started org.springframework.statemachine.support.DefaultStateMachineExecutor@25fa45c9
2024-05-27 16:56:38.629  INFO 6728 --- [Du2UnikBot Telegram Executor] o.s.s.support.LifecycleObjectSupport     : started GREETINGS END ADDING_FRIENDS FINISH_POINT_SELECTION MAIN TICKET_CONFIRMATION MEETING_TIME_SELECTION RESERVED_SEATS_SELECTION START_POINT_SELECTION  / GREETINGS / uuid=c5b00d8f-658d-43fc-b7d1-254ee49ad530 / id=null
2024-05-27 16:56:38.629  INFO 6728 --- [Du2UnikBot Telegram Executor] o.s.s.support.LifecycleObjectSupport     : stopped org.springframework.statemachine.support.DefaultStateMachineExecutor@25fa45c9
2024-05-27 16:56:38.629  INFO 6728 --- [Du2UnikBot Telegram Executor] o.s.s.support.LifecycleObjectSupport     : stopped GREETINGS END ADDING_FRIENDS FINISH_POINT_SELECTION MAIN TICKET_CONFIRMATION MEETING_TIME_SELECTION RESERVED_SEATS_SELECTION START_POINT_SELECTION  /  / uuid=c5b00d8f-658d-43fc-b7d1-254ee49ad530 / id=null
2024-05-27 16:56:38.629  INFO 6728 --- [Du2UnikBot Telegram Executor] o.s.s.support.LifecycleObjectSupport     : started ObjectState [getIds()=[MEETING_TIME_SELECTION], getClass()=class org.springframework.statemachine.state.ObjectState, hashCode()=56908121, toString()=AbstractState [id=MEETING_TIME_SELECTION, pseudoState=null, deferred=[], entryActions=[], exitActions=[], stateActions=[], regions=[], submachine=null]]
2024-05-27 16:56:38.630  INFO 6728 --- [Du2UnikBot Telegram Executor] o.s.s.support.LifecycleObjectSupport     : started org.springframework.statemachine.support.DefaultStateMachineExecutor@25fa45c9
2024-05-27 16:56:38.630  INFO 6728 --- [Du2UnikBot Telegram Executor] o.s.s.support.LifecycleObjectSupport     : started GREETINGS END ADDING_FRIENDS FINISH_POINT_SELECTION MAIN TICKET_CONFIRMATION MEETING_TIME_SELECTION RESERVED_SEATS_SELECTION START_POINT_SELECTION  / MEETING_TIME_SELECTION / uuid=c5b00d8f-658d-43fc-b7d1-254ee49ad530 / id=null
2024-05-27 16:56:38.632  INFO 6728 --- [Du2UnikBot Telegram Executor] o.s.s.support.LifecycleObjectSupport     : started org.springframework.statemachine.support.DefaultStateMachineExecutor@609cd018
2024-05-27 16:56:38.633  INFO 6728 --- [Du2UnikBot Telegram Executor] o.s.s.support.LifecycleObjectSupport     : started GREETINGS END ADDING_FRIENDS FINISH_POINT_SELECTION MAIN TICKET_CONFIRMATION MEETING_TIME_SELECTION RESERVED_SEATS_SELECTION START_POINT_SELECTION  / GREETINGS / uuid=827d14f0-b093-4332-bba1-d3524261465b / id=null
2024-05-27 16:56:38.633  INFO 6728 --- [Du2UnikBot Telegram Executor] o.s.s.support.LifecycleObjectSupport     : stopped org.springframework.statemachine.support.DefaultStateMachineExecutor@609cd018
2024-05-27 16:56:38.633  INFO 6728 --- [Du2UnikBot Telegram Executor] o.s.s.support.LifecycleObjectSupport     : stopped GREETINGS END ADDING_FRIENDS FINISH_POINT_SELECTION MAIN TICKET_CONFIRMATION MEETING_TIME_SELECTION RESERVED_SEATS_SELECTION START_POINT_SELECTION  /  / uuid=827d14f0-b093-4332-bba1-d3524261465b / id=null
2024-05-27 16:56:38.633  INFO 6728 --- [Du2UnikBot Telegram Executor] o.s.s.support.LifecycleObjectSupport     : started ObjectState [getIds()=[MEETING_TIME_SELECTION], getClass()=class org.springframework.statemachine.state.ObjectState, hashCode()=951323957, toString()=AbstractState [id=MEETING_TIME_SELECTION, pseudoState=null, deferred=[], entryActions=[], exitActions=[], stateActions=[], regions=[], submachine=null]]
2024-05-27 16:56:38.634  INFO 6728 --- [Du2UnikBot Telegram Executor] o.s.s.support.LifecycleObjectSupport     : started org.springframework.statemachine.support.DefaultStateMachineExecutor@609cd018
2024-05-27 16:56:38.634  INFO 6728 --- [Du2UnikBot Telegram Executor] o.s.s.support.LifecycleObjectSupport     : started GREETINGS END ADDING_FRIENDS FINISH_POINT_SELECTION MAIN TICKET_CONFIRMATION MEETING_TIME_SELECTION RESERVED_SEATS_SELECTION START_POINT_SELECTION  / MEETING_TIME_SELECTION / uuid=827d14f0-b093-4332-bba1-d3524261465b / id=null
2024-05-27 16:56:48.029  INFO 6728 --- [Du2UnikBot Telegram Executor] o.s.s.support.LifecycleObjectSupport     : started org.springframework.statemachine.support.DefaultStateMachineExecutor@7347ec9b
2024-05-27 16:56:48.029  INFO 6728 --- [Du2UnikBot Telegram Executor] o.s.s.support.LifecycleObjectSupport     : started GREETINGS END ADDING_FRIENDS FINISH_POINT_SELECTION MAIN TICKET_CONFIRMATION MEETING_TIME_SELECTION RESERVED_SEATS_SELECTION START_POINT_SELECTION  / GREETINGS / uuid=421aea0d-3eae-4776-bc7d-59f6b35360b3 / id=null
2024-05-27 16:56:48.029  INFO 6728 --- [Du2UnikBot Telegram Executor] o.s.s.support.LifecycleObjectSupport     : stopped org.springframework.statemachine.support.DefaultStateMachineExecutor@7347ec9b
2024-05-27 16:56:48.029  INFO 6728 --- [Du2UnikBot Telegram Executor] o.s.s.support.LifecycleObjectSupport     : stopped GREETINGS END ADDING_FRIENDS FINISH_POINT_SELECTION MAIN TICKET_CONFIRMATION MEETING_TIME_SELECTION RESERVED_SEATS_SELECTION START_POINT_SELECTION  /  / uuid=421aea0d-3eae-4776-bc7d-59f6b35360b3 / id=null
2024-05-27 16:56:48.029  INFO 6728 --- [Du2UnikBot Telegram Executor] o.s.s.support.LifecycleObjectSupport     : started ObjectState [getIds()=[MEETING_TIME_SELECTION], getClass()=class org.springframework.statemachine.state.ObjectState, hashCode()=1097082090, toString()=AbstractState [id=MEETING_TIME_SELECTION, pseudoState=null, deferred=[], entryActions=[], exitActions=[], stateActions=[], regions=[], submachine=null]]
2024-05-27 16:56:48.030  INFO 6728 --- [Du2UnikBot Telegram Executor] o.s.s.support.LifecycleObjectSupport     : started org.springframework.statemachine.support.DefaultStateMachineExecutor@7347ec9b
2024-05-27 16:56:48.030  INFO 6728 --- [Du2UnikBot Telegram Executor] o.s.s.support.LifecycleObjectSupport     : started GREETINGS END ADDING_FRIENDS FINISH_POINT_SELECTION MAIN TICKET_CONFIRMATION MEETING_TIME_SELECTION RESERVED_SEATS_SELECTION START_POINT_SELECTION  / MEETING_TIME_SELECTION / uuid=421aea0d-3eae-4776-bc7d-59f6b35360b3 / id=null
2024-05-27 16:56:48.031  INFO 6728 --- [Du2UnikBot Telegram Executor] o.s.s.support.LifecycleObjectSupport     : started org.springframework.statemachine.support.DefaultStateMachineExecutor@6bc3635c
2024-05-27 16:56:48.031  INFO 6728 --- [Du2UnikBot Telegram Executor] o.s.s.support.LifecycleObjectSupport     : started GREETINGS END ADDING_FRIENDS FINISH_POINT_SELECTION MAIN TICKET_CONFIRMATION MEETING_TIME_SELECTION RESERVED_SEATS_SELECTION START_POINT_SELECTION  / GREETINGS / uuid=08225cde-b2b8-4374-8c8d-781d8f33e107 / id=null
2024-05-27 16:56:48.032  INFO 6728 --- [Du2UnikBot Telegram Executor] o.s.s.support.LifecycleObjectSupport     : stopped org.springframework.statemachine.support.DefaultStateMachineExecutor@6bc3635c
2024-05-27 16:56:48.032  INFO 6728 --- [Du2UnikBot Telegram Executor] o.s.s.support.LifecycleObjectSupport     : stopped GREETINGS END ADDING_FRIENDS FINISH_POINT_SELECTION MAIN TICKET_CONFIRMATION MEETING_TIME_SELECTION RESERVED_SEATS_SELECTION START_POINT_SELECTION  /  / uuid=08225cde-b2b8-4374-8c8d-781d8f33e107 / id=null
2024-05-27 16:56:48.032  INFO 6728 --- [Du2UnikBot Telegram Executor] o.s.s.support.LifecycleObjectSupport     : started ObjectState [getIds()=[MEETING_TIME_SELECTION], getClass()=class org.springframework.statemachine.state.ObjectState, hashCode()=604083666, toString()=AbstractState [id=MEETING_TIME_SELECTION, pseudoState=null, deferred=[], entryActions=[], exitActions=[], stateActions=[], regions=[], submachine=null]]
2024-05-27 16:56:48.032  INFO 6728 --- [Du2UnikBot Telegram Executor] o.s.s.support.LifecycleObjectSupport     : started org.springframework.statemachine.support.DefaultStateMachineExecutor@6bc3635c
2024-05-27 16:56:48.032  INFO 6728 --- [Du2UnikBot Telegram Executor] o.s.s.support.LifecycleObjectSupport     : started GREETINGS END ADDING_FRIENDS FINISH_POINT_SELECTION MAIN TICKET_CONFIRMATION MEETING_TIME_SELECTION RESERVED_SEATS_SELECTION START_POINT_SELECTION  / MEETING_TIME_SELECTION / uuid=08225cde-b2b8-4374-8c8d-781d8f33e107 / id=null
2024-05-27 16:56:58.650  INFO 6728 --- [Du2UnikBot Telegram Executor] o.s.s.support.LifecycleObjectSupport     : started org.springframework.statemachine.support.DefaultStateMachineExecutor@41d77381
2024-05-27 16:56:58.651  INFO 6728 --- [Du2UnikBot Telegram Executor] o.s.s.support.LifecycleObjectSupport     : started GREETINGS END ADDING_FRIENDS FINISH_POINT_SELECTION MAIN TICKET_CONFIRMATION MEETING_TIME_SELECTION RESERVED_SEATS_SELECTION START_POINT_SELECTION  / GREETINGS / uuid=353753b2-c4e7-45d5-ba17-7d8621c333f1 / id=null
2024-05-27 16:56:58.651  INFO 6728 --- [Du2UnikBot Telegram Executor] o.s.s.support.LifecycleObjectSupport     : stopped org.springframework.statemachine.support.DefaultStateMachineExecutor@41d77381
2024-05-27 16:56:58.651  INFO 6728 --- [Du2UnikBot Telegram Executor] o.s.s.support.LifecycleObjectSupport     : stopped GREETINGS END ADDING_FRIENDS FINISH_POINT_SELECTION MAIN TICKET_CONFIRMATION MEETING_TIME_SELECTION RESERVED_SEATS_SELECTION START_POINT_SELECTION  /  / uuid=353753b2-c4e7-45d5-ba17-7d8621c333f1 / id=null
2024-05-27 16:56:58.651  INFO 6728 --- [Du2UnikBot Telegram Executor] o.s.s.support.LifecycleObjectSupport     : started ObjectState [getIds()=[MEETING_TIME_SELECTION], getClass()=class org.springframework.statemachine.state.ObjectState, hashCode()=563264929, toString()=AbstractState [id=MEETING_TIME_SELECTION, pseudoState=null, deferred=[], entryActions=[], exitActions=[], stateActions=[], regions=[], submachine=null]]
2024-05-27 16:56:58.652  INFO 6728 --- [Du2UnikBot Telegram Executor] o.s.s.support.LifecycleObjectSupport     : started org.springframework.statemachine.support.DefaultStateMachineExecutor@41d77381
2024-05-27 16:56:58.653  INFO 6728 --- [Du2UnikBot Telegram Executor] o.s.s.support.LifecycleObjectSupport     : started GREETINGS END ADDING_FRIENDS FINISH_POINT_SELECTION MAIN TICKET_CONFIRMATION MEETING_TIME_SELECTION RESERVED_SEATS_SELECTION START_POINT_SELECTION  / MEETING_TIME_SELECTION / uuid=353753b2-c4e7-45d5-ba17-7d8621c333f1 / id=null
2024-05-27 16:56:58.655  INFO 6728 --- [Du2UnikBot Telegram Executor] o.s.s.support.LifecycleObjectSupport     : started org.springframework.statemachine.support.DefaultStateMachineExecutor@78a023a1
2024-05-27 16:56:58.656  INFO 6728 --- [Du2UnikBot Telegram Executor] o.s.s.support.LifecycleObjectSupport     : started GREETINGS END ADDING_FRIENDS FINISH_POINT_SELECTION MAIN TICKET_CONFIRMATION MEETING_TIME_SELECTION RESERVED_SEATS_SELECTION START_POINT_SELECTION  / GREETINGS / uuid=cc4c6337-ef16-4c5c-b470-87fd24f1598d / id=null
2024-05-27 16:56:58.656  INFO 6728 --- [Du2UnikBot Telegram Executor] o.s.s.support.LifecycleObjectSupport     : stopped org.springframework.statemachine.support.DefaultStateMachineExecutor@78a023a1
2024-05-27 16:56:58.657  INFO 6728 --- [Du2UnikBot Telegram Executor] o.s.s.support.LifecycleObjectSupport     : stopped GREETINGS END ADDING_FRIENDS FINISH_POINT_SELECTION MAIN TICKET_CONFIRMATION MEETING_TIME_SELECTION RESERVED_SEATS_SELECTION START_POINT_SELECTION  /  / uuid=cc4c6337-ef16-4c5c-b470-87fd24f1598d / id=null
2024-05-27 16:56:58.657  INFO 6728 --- [Du2UnikBot Telegram Executor] o.s.s.support.LifecycleObjectSupport     : started ObjectState [getIds()=[MEETING_TIME_SELECTION], getClass()=class org.springframework.statemachine.state.ObjectState, hashCode()=123679154, toString()=AbstractState [id=MEETING_TIME_SELECTION, pseudoState=null, deferred=[], entryActions=[], exitActions=[], stateActions=[], regions=[], submachine=null]]
2024-05-27 16:56:58.657  INFO 6728 --- [Du2UnikBot Telegram Executor] o.s.s.support.LifecycleObjectSupport     : started org.springframework.statemachine.support.DefaultStateMachineExecutor@78a023a1
2024-05-27 16:56:58.657  INFO 6728 --- [Du2UnikBot Telegram Executor] o.s.s.support.LifecycleObjectSupport     : started GREETINGS END ADDING_FRIENDS FINISH_POINT_SELECTION MAIN TICKET_CONFIRMATION MEETING_TIME_SELECTION RESERVED_SEATS_SELECTION START_POINT_SELECTION  / MEETING_TIME_SELECTION / uuid=cc4c6337-ef16-4c5c-b470-87fd24f1598d / id=null
2024-05-27 16:57:06.712  INFO 6728 --- [Du2UnikBot Telegram Executor] o.s.s.support.LifecycleObjectSupport     : started org.springframework.statemachine.support.DefaultStateMachineExecutor@725443eb
2024-05-27 16:57:06.713  INFO 6728 --- [Du2UnikBot Telegram Executor] o.s.s.support.LifecycleObjectSupport     : started GREETINGS END ADDING_FRIENDS FINISH_POINT_SELECTION MAIN TICKET_CONFIRMATION MEETING_TIME_SELECTION RESERVED_SEATS_SELECTION START_POINT_SELECTION  / GREETINGS / uuid=e9fa1482-3858-428d-b7b7-f761c7773801 / id=null
2024-05-27 16:57:06.713  INFO 6728 --- [Du2UnikBot Telegram Executor] o.s.s.support.LifecycleObjectSupport     : stopped org.springframework.statemachine.support.DefaultStateMachineExecutor@725443eb
2024-05-27 16:57:06.713  INFO 6728 --- [Du2UnikBot Telegram Executor] o.s.s.support.LifecycleObjectSupport     : stopped GREETINGS END ADDING_FRIENDS FINISH_POINT_SELECTION MAIN TICKET_CONFIRMATION MEETING_TIME_SELECTION RESERVED_SEATS_SELECTION START_POINT_SELECTION  /  / uuid=e9fa1482-3858-428d-b7b7-f761c7773801 / id=null
2024-05-27 16:57:06.713  INFO 6728 --- [Du2UnikBot Telegram Executor] o.s.s.support.LifecycleObjectSupport     : started ObjectState [getIds()=[MEETING_TIME_SELECTION], getClass()=class org.springframework.statemachine.state.ObjectState, hashCode()=1685346287, toString()=AbstractState [id=MEETING_TIME_SELECTION, pseudoState=null, deferred=[], entryActions=[], exitActions=[], stateActions=[], regions=[], submachine=null]]
2024-05-27 16:57:06.713  INFO 6728 --- [Du2UnikBot Telegram Executor] o.s.s.support.LifecycleObjectSupport     : started org.springframework.statemachine.support.DefaultStateMachineExecutor@725443eb
2024-05-27 16:57:06.713  INFO 6728 --- [Du2UnikBot Telegram Executor] o.s.s.support.LifecycleObjectSupport     : started GREETINGS END ADDING_FRIENDS FINISH_POINT_SELECTION MAIN TICKET_CONFIRMATION MEETING_TIME_SELECTION RESERVED_SEATS_SELECTION START_POINT_SELECTION  / MEETING_TIME_SELECTION / uuid=e9fa1482-3858-428d-b7b7-f761c7773801 / id=null
2024-05-27 16:57:06.714  INFO 6728 --- [Du2UnikBot Telegram Executor] o.s.s.support.LifecycleObjectSupport     : started org.springframework.statemachine.support.DefaultStateMachineExecutor@76db8c1
2024-05-27 16:57:06.714  INFO 6728 --- [Du2UnikBot Telegram Executor] o.s.s.support.LifecycleObjectSupport     : started GREETINGS END ADDING_FRIENDS FINISH_POINT_SELECTION MAIN TICKET_CONFIRMATION MEETING_TIME_SELECTION RESERVED_SEATS_SELECTION START_POINT_SELECTION  / GREETINGS / uuid=b5f2abd9-7a39-4137-8836-9294f59b9da2 / id=null
2024-05-27 16:57:06.714  INFO 6728 --- [Du2UnikBot Telegram Executor] o.s.s.support.LifecycleObjectSupport     : stopped org.springframework.statemachine.support.DefaultStateMachineExecutor@76db8c1
2024-05-27 16:57:06.714  INFO 6728 --- [Du2UnikBot Telegram Executor] o.s.s.support.LifecycleObjectSupport     : stopped GREETINGS END ADDING_FRIENDS FINISH_POINT_SELECTION MAIN TICKET_CONFIRMATION MEETING_TIME_SELECTION RESERVED_SEATS_SELECTION START_POINT_SELECTION  /  / uuid=b5f2abd9-7a39-4137-8836-9294f59b9da2 / id=null
2024-05-27 16:57:06.714  INFO 6728 --- [Du2UnikBot Telegram Executor] o.s.s.support.LifecycleObjectSupport     : started ObjectState [getIds()=[MEETING_TIME_SELECTION], getClass()=class org.springframework.statemachine.state.ObjectState, hashCode()=748286336, toString()=AbstractState [id=MEETING_TIME_SELECTION, pseudoState=null, deferred=[], entryActions=[], exitActions=[], stateActions=[], regions=[], submachine=null]]
2024-05-27 16:57:06.715  INFO 6728 --- [Du2UnikBot Telegram Executor] o.s.s.support.LifecycleObjectSupport     : started org.springframework.statemachine.support.DefaultStateMachineExecutor@76db8c1
2024-05-27 16:57:06.715  INFO 6728 --- [Du2UnikBot Telegram Executor] o.s.s.support.LifecycleObjectSupport     : started GREETINGS END ADDING_FRIENDS FINISH_POINT_SELECTION MAIN TICKET_CONFIRMATION MEETING_TIME_SELECTION RESERVED_SEATS_SELECTION START_POINT_SELECTION  / MEETING_TIME_SELECTION / uuid=b5f2abd9-7a39-4137-8836-9294f59b9da2 / id=null
2024-05-27 16:57:08.600  INFO 6728 --- [Du2UnikBot Telegram Executor] o.s.s.support.LifecycleObjectSupport     : started org.springframework.statemachine.support.DefaultStateMachineExecutor@21b356cb
2024-05-27 16:57:08.600  INFO 6728 --- [Du2UnikBot Telegram Executor] o.s.s.support.LifecycleObjectSupport     : started GREETINGS END ADDING_FRIENDS FINISH_POINT_SELECTION MAIN TICKET_CONFIRMATION MEETING_TIME_SELECTION RESERVED_SEATS_SELECTION START_POINT_SELECTION  / GREETINGS / uuid=ad012795-db23-41b5-a2ae-e2877a2843fa / id=null
2024-05-27 16:57:08.601  INFO 6728 --- [Du2UnikBot Telegram Executor] o.s.s.support.LifecycleObjectSupport     : stopped org.springframework.statemachine.support.DefaultStateMachineExecutor@21b356cb
2024-05-27 16:57:08.601  INFO 6728 --- [Du2UnikBot Telegram Executor] o.s.s.support.LifecycleObjectSupport     : stopped GREETINGS END ADDING_FRIENDS FINISH_POINT_SELECTION MAIN TICKET_CONFIRMATION MEETING_TIME_SELECTION RESERVED_SEATS_SELECTION START_POINT_SELECTION  /  / uuid=ad012795-db23-41b5-a2ae-e2877a2843fa / id=null
2024-05-27 16:57:08.601  INFO 6728 --- [Du2UnikBot Telegram Executor] o.s.s.support.LifecycleObjectSupport     : started ObjectState [getIds()=[TICKET_CONFIRMATION], getClass()=class org.springframework.statemachine.state.ObjectState, hashCode()=1426191546, toString()=AbstractState [id=TICKET_CONFIRMATION, pseudoState=null, deferred=[], entryActions=[], exitActions=[], stateActions=[], regions=[], submachine=null]]
2024-05-27 16:57:08.601  INFO 6728 --- [Du2UnikBot Telegram Executor] o.s.s.support.LifecycleObjectSupport     : started org.springframework.statemachine.support.DefaultStateMachineExecutor@21b356cb
2024-05-27 16:57:08.601  INFO 6728 --- [Du2UnikBot Telegram Executor] o.s.s.support.LifecycleObjectSupport     : started GREETINGS END ADDING_FRIENDS FINISH_POINT_SELECTION MAIN TICKET_CONFIRMATION MEETING_TIME_SELECTION RESERVED_SEATS_SELECTION START_POINT_SELECTION  / TICKET_CONFIRMATION / uuid=ad012795-db23-41b5-a2ae-e2877a2843fa / id=null
2024-05-27 16:57:08.602  INFO 6728 --- [Du2UnikBot Telegram Executor] o.s.s.support.LifecycleObjectSupport     : started org.springframework.statemachine.support.DefaultStateMachineExecutor@65f33e40
2024-05-27 16:57:08.602  INFO 6728 --- [Du2UnikBot Telegram Executor] o.s.s.support.LifecycleObjectSupport     : started GREETINGS END ADDING_FRIENDS FINISH_POINT_SELECTION MAIN TICKET_CONFIRMATION MEETING_TIME_SELECTION RESERVED_SEATS_SELECTION START_POINT_SELECTION  / GREETINGS / uuid=a4c37636-cafc-4e9a-92c7-1ee7736d9eba / id=null
2024-05-27 16:57:08.602  INFO 6728 --- [Du2UnikBot Telegram Executor] o.s.s.support.LifecycleObjectSupport     : stopped org.springframework.statemachine.support.DefaultStateMachineExecutor@65f33e40
2024-05-27 16:57:08.603  INFO 6728 --- [Du2UnikBot Telegram Executor] o.s.s.support.LifecycleObjectSupport     : stopped GREETINGS END ADDING_FRIENDS FINISH_POINT_SELECTION MAIN TICKET_CONFIRMATION MEETING_TIME_SELECTION RESERVED_SEATS_SELECTION START_POINT_SELECTION  /  / uuid=a4c37636-cafc-4e9a-92c7-1ee7736d9eba / id=null
2024-05-27 16:57:08.603  INFO 6728 --- [Du2UnikBot Telegram Executor] o.s.s.support.LifecycleObjectSupport     : started ObjectState [getIds()=[TICKET_CONFIRMATION], getClass()=class org.springframework.statemachine.state.ObjectState, hashCode()=1077853675, toString()=AbstractState [id=TICKET_CONFIRMATION, pseudoState=null, deferred=[], entryActions=[], exitActions=[], stateActions=[], regions=[], submachine=null]]
2024-05-27 16:57:08.603  INFO 6728 --- [Du2UnikBot Telegram Executor] o.s.s.support.LifecycleObjectSupport     : started org.springframework.statemachine.support.DefaultStateMachineExecutor@65f33e40
2024-05-27 16:57:08.603  INFO 6728 --- [Du2UnikBot Telegram Executor] o.s.s.support.LifecycleObjectSupport     : started GREETINGS END ADDING_FRIENDS FINISH_POINT_SELECTION MAIN TICKET_CONFIRMATION MEETING_TIME_SELECTION RESERVED_SEATS_SELECTION START_POINT_SELECTION  / TICKET_CONFIRMATION / uuid=a4c37636-cafc-4e9a-92c7-1ee7736d9eba / id=null
2024-05-27 16:57:16.893  INFO 6728 --- [Du2UnikBot Telegram Executor] o.s.s.support.LifecycleObjectSupport     : started org.springframework.statemachine.support.DefaultStateMachineExecutor@4f5aa237
2024-05-27 16:57:16.893  INFO 6728 --- [Du2UnikBot Telegram Executor] o.s.s.support.LifecycleObjectSupport     : started GREETINGS END ADDING_FRIENDS FINISH_POINT_SELECTION MAIN TICKET_CONFIRMATION MEETING_TIME_SELECTION RESERVED_SEATS_SELECTION START_POINT_SELECTION  / GREETINGS / uuid=2d473dc1-7b56-4624-aa98-3594c466efb7 / id=null
2024-05-27 16:57:16.894  INFO 6728 --- [Du2UnikBot Telegram Executor] o.s.s.support.LifecycleObjectSupport     : stopped org.springframework.statemachine.support.DefaultStateMachineExecutor@4f5aa237
2024-05-27 16:57:16.894  INFO 6728 --- [Du2UnikBot Telegram Executor] o.s.s.support.LifecycleObjectSupport     : stopped GREETINGS END ADDING_FRIENDS FINISH_POINT_SELECTION MAIN TICKET_CONFIRMATION MEETING_TIME_SELECTION RESERVED_SEATS_SELECTION START_POINT_SELECTION  /  / uuid=2d473dc1-7b56-4624-aa98-3594c466efb7 / id=null
2024-05-27 16:57:16.894  INFO 6728 --- [Du2UnikBot Telegram Executor] o.s.s.support.LifecycleObjectSupport     : started ObjectState [getIds()=[MAIN], getClass()=class org.springframework.statemachine.state.ObjectState, hashCode()=573567398, toString()=AbstractState [id=MAIN, pseudoState=null, deferred=[], entryActions=[], exitActions=[], stateActions=[], regions=[], submachine=null]]
2024-05-27 16:57:16.895  INFO 6728 --- [Du2UnikBot Telegram Executor] o.s.s.support.LifecycleObjectSupport     : started org.springframework.statemachine.support.DefaultStateMachineExecutor@4f5aa237
2024-05-27 16:57:16.895  INFO 6728 --- [Du2UnikBot Telegram Executor] o.s.s.support.LifecycleObjectSupport     : started GREETINGS END ADDING_FRIENDS FINISH_POINT_SELECTION MAIN TICKET_CONFIRMATION MEETING_TIME_SELECTION RESERVED_SEATS_SELECTION START_POINT_SELECTION  / MAIN / uuid=2d473dc1-7b56-4624-aa98-3594c466efb7 / id=null
2024-05-27 16:57:16.897  INFO 6728 --- [Du2UnikBot Telegram Executor] o.s.s.support.LifecycleObjectSupport     : started org.springframework.statemachine.support.DefaultStateMachineExecutor@29f8773c
2024-05-27 16:57:16.897  INFO 6728 --- [Du2UnikBot Telegram Executor] o.s.s.support.LifecycleObjectSupport     : started GREETINGS END ADDING_FRIENDS FINISH_POINT_SELECTION MAIN TICKET_CONFIRMATION MEETING_TIME_SELECTION RESERVED_SEATS_SELECTION START_POINT_SELECTION  / GREETINGS / uuid=e16ea5c0-14d2-452f-9f38-53a52e95b000 / id=null
2024-05-27 16:57:16.900  INFO 6728 --- [Du2UnikBot Telegram Executor] o.s.s.support.LifecycleObjectSupport     : stopped org.springframework.statemachine.support.DefaultStateMachineExecutor@29f8773c
2024-05-27 16:57:16.900  INFO 6728 --- [Du2UnikBot Telegram Executor] o.s.s.support.LifecycleObjectSupport     : stopped GREETINGS END ADDING_FRIENDS FINISH_POINT_SELECTION MAIN TICKET_CONFIRMATION MEETING_TIME_SELECTION RESERVED_SEATS_SELECTION START_POINT_SELECTION  /  / uuid=e16ea5c0-14d2-452f-9f38-53a52e95b000 / id=null
2024-05-27 16:57:16.900  INFO 6728 --- [Du2UnikBot Telegram Executor] o.s.s.support.LifecycleObjectSupport     : started ObjectState [getIds()=[MAIN], getClass()=class org.springframework.statemachine.state.ObjectState, hashCode()=1311487449, toString()=AbstractState [id=MAIN, pseudoState=null, deferred=[], entryActions=[], exitActions=[], stateActions=[], regions=[], submachine=null]]
2024-05-27 16:57:16.901  INFO 6728 --- [Du2UnikBot Telegram Executor] o.s.s.support.LifecycleObjectSupport     : started org.springframework.statemachine.support.DefaultStateMachineExecutor@29f8773c
2024-05-27 16:57:16.901  INFO 6728 --- [Du2UnikBot Telegram Executor] o.s.s.support.LifecycleObjectSupport     : started GREETINGS END ADDING_FRIENDS FINISH_POINT_SELECTION MAIN TICKET_CONFIRMATION MEETING_TIME_SELECTION RESERVED_SEATS_SELECTION START_POINT_SELECTION  / MAIN / uuid=e16ea5c0-14d2-452f-9f38-53a52e95b000 / id=null
2024-05-27 16:57:18.161  INFO 6728 --- [Du2UnikBot Telegram Executor] o.s.s.support.LifecycleObjectSupport     : started org.springframework.statemachine.support.DefaultStateMachineExecutor@41cb9c24
2024-05-27 16:57:18.161  INFO 6728 --- [Du2UnikBot Telegram Executor] o.s.s.support.LifecycleObjectSupport     : started GREETINGS END ADDING_FRIENDS FINISH_POINT_SELECTION MAIN TICKET_CONFIRMATION MEETING_TIME_SELECTION RESERVED_SEATS_SELECTION START_POINT_SELECTION  / GREETINGS / uuid=d42d732d-7f7a-4d38-98d4-5ca3fa49b5f2 / id=null
2024-05-27 16:57:18.161  INFO 6728 --- [Du2UnikBot Telegram Executor] o.s.s.support.LifecycleObjectSupport     : stopped org.springframework.statemachine.support.DefaultStateMachineExecutor@41cb9c24
2024-05-27 16:57:18.162  INFO 6728 --- [Du2UnikBot Telegram Executor] o.s.s.support.LifecycleObjectSupport     : stopped GREETINGS END ADDING_FRIENDS FINISH_POINT_SELECTION MAIN TICKET_CONFIRMATION MEETING_TIME_SELECTION RESERVED_SEATS_SELECTION START_POINT_SELECTION  /  / uuid=d42d732d-7f7a-4d38-98d4-5ca3fa49b5f2 / id=null
2024-05-27 16:57:18.162  INFO 6728 --- [Du2UnikBot Telegram Executor] o.s.s.support.LifecycleObjectSupport     : started ObjectState [getIds()=[MAIN], getClass()=class org.springframework.statemachine.state.ObjectState, hashCode()=1383187975, toString()=AbstractState [id=MAIN, pseudoState=null, deferred=[], entryActions=[], exitActions=[], stateActions=[], regions=[], submachine=null]]
2024-05-27 16:57:18.162  INFO 6728 --- [Du2UnikBot Telegram Executor] o.s.s.support.LifecycleObjectSupport     : started org.springframework.statemachine.support.DefaultStateMachineExecutor@41cb9c24
2024-05-27 16:57:18.162  INFO 6728 --- [Du2UnikBot Telegram Executor] o.s.s.support.LifecycleObjectSupport     : started GREETINGS END ADDING_FRIENDS FINISH_POINT_SELECTION MAIN TICKET_CONFIRMATION MEETING_TIME_SELECTION RESERVED_SEATS_SELECTION START_POINT_SELECTION  / MAIN / uuid=d42d732d-7f7a-4d38-98d4-5ca3fa49b5f2 / id=null
2024-05-27 16:57:18.163  INFO 6728 --- [Du2UnikBot Telegram Executor] o.s.s.support.LifecycleObjectSupport     : started org.springframework.statemachine.support.DefaultStateMachineExecutor@124017b5
2024-05-27 16:57:18.163  INFO 6728 --- [Du2UnikBot Telegram Executor] o.s.s.support.LifecycleObjectSupport     : started GREETINGS END ADDING_FRIENDS FINISH_POINT_SELECTION MAIN TICKET_CONFIRMATION MEETING_TIME_SELECTION RESERVED_SEATS_SELECTION START_POINT_SELECTION  / GREETINGS / uuid=db1b8e2c-8337-4546-be1a-b8911b729256 / id=null
2024-05-27 16:57:18.164  INFO 6728 --- [Du2UnikBot Telegram Executor] o.s.s.support.LifecycleObjectSupport     : stopped org.springframework.statemachine.support.DefaultStateMachineExecutor@124017b5
2024-05-27 16:57:18.164  INFO 6728 --- [Du2UnikBot Telegram Executor] o.s.s.support.LifecycleObjectSupport     : stopped GREETINGS END ADDING_FRIENDS FINISH_POINT_SELECTION MAIN TICKET_CONFIRMATION MEETING_TIME_SELECTION RESERVED_SEATS_SELECTION START_POINT_SELECTION  /  / uuid=db1b8e2c-8337-4546-be1a-b8911b729256 / id=null
2024-05-27 16:57:18.164  INFO 6728 --- [Du2UnikBot Telegram Executor] o.s.s.support.LifecycleObjectSupport     : started ObjectState [getIds()=[MAIN], getClass()=class org.springframework.statemachine.state.ObjectState, hashCode()=310473719, toString()=AbstractState [id=MAIN, pseudoState=null, deferred=[], entryActions=[], exitActions=[], stateActions=[], regions=[], submachine=null]]
2024-05-27 16:57:18.164  INFO 6728 --- [Du2UnikBot Telegram Executor] o.s.s.support.LifecycleObjectSupport     : started org.springframework.statemachine.support.DefaultStateMachineExecutor@124017b5
2024-05-27 16:57:18.164  INFO 6728 --- [Du2UnikBot Telegram Executor] o.s.s.support.LifecycleObjectSupport     : started GREETINGS END ADDING_FRIENDS FINISH_POINT_SELECTION MAIN TICKET_CONFIRMATION MEETING_TIME_SELECTION RESERVED_SEATS_SELECTION START_POINT_SELECTION  / MAIN / uuid=db1b8e2c-8337-4546-be1a-b8911b729256 / id=null
2024-05-27 16:57:18.957  INFO 6728 --- [Du2UnikBot Telegram Executor] o.s.s.support.LifecycleObjectSupport     : started org.springframework.statemachine.support.DefaultStateMachineExecutor@300d938c
2024-05-27 16:57:18.958  INFO 6728 --- [Du2UnikBot Telegram Executor] o.s.s.support.LifecycleObjectSupport     : started GREETINGS END ADDING_FRIENDS FINISH_POINT_SELECTION MAIN TICKET_CONFIRMATION MEETING_TIME_SELECTION RESERVED_SEATS_SELECTION START_POINT_SELECTION  / GREETINGS / uuid=6966e87d-15b3-4343-96c7-1642176d3bfd / id=null
2024-05-27 16:57:18.959  INFO 6728 --- [Du2UnikBot Telegram Executor] o.s.s.support.LifecycleObjectSupport     : started org.springframework.statemachine.support.DefaultStateMachineExecutor@4b99a755
2024-05-27 16:57:18.959  INFO 6728 --- [Du2UnikBot Telegram Executor] o.s.s.support.LifecycleObjectSupport     : started GREETINGS END ADDING_FRIENDS FINISH_POINT_SELECTION MAIN TICKET_CONFIRMATION MEETING_TIME_SELECTION RESERVED_SEATS_SELECTION START_POINT_SELECTION  / GREETINGS / uuid=401978ba-c5a5-4c65-b8c0-859f8422ce4c / id=null
2024-05-27 18:11:49.296  INFO 6728 --- [SpringApplicationShutdownHook] j.LocalContainerEntityManagerFactoryBean : Closing JPA EntityManagerFactory for persistence unit 'default'
2024-05-27 18:11:49.299  INFO 6728 --- [SpringApplicationShutdownHook] com.zaxxer.hikari.HikariDataSource       : HikariPool-1 - Shutdown initiated...
2024-05-27 18:11:49.320  INFO 6728 --- [SpringApplicationShutdownHook] com.zaxxer.hikari.HikariDataSource       : HikariPool-1 - Shutdown completed.
